{"/Users/steve/INFCAP/gsc-animation/music-theory/src/components/GameLoop/FeedbackOverlay.tsx": {"path":"/Users/steve/INFCAP/gsc-animation/music-theory/src/components/GameLoop/FeedbackOverlay.tsx","statementMap":{"0":{"start":{"line":5,"column":41},"end":{"line":52,"column":null}},"1":{"start":{"line":6,"column":8},"end":{"line":6,"column":null}},"2":{"start":{"line":6,"column":47},"end":{"line":6,"column":65}},"3":{"start":{"line":7,"column":32},"end":{"line":9,"column":null}},"4":{"start":{"line":11,"column":2},"end":{"line":32,"column":null}},"5":{"start":{"line":12,"column":4},"end":{"line":31,"column":null}},"6":{"start":{"line":13,"column":17},"end":{"line":13,"column":null}},"7":{"start":{"line":14,"column":18},"end":{"line":14,"column":null}},"8":{"start":{"line":15,"column":6},"end":{"line":21,"column":null}},"9":{"start":{"line":15,"column":45},"end":{"line":15,"column":null}},"10":{"start":{"line":15,"column":53},"end":{"line":21,"column":null}},"11":{"start":{"line":21,"column":8},"end":{"line":21,"column":null}},"12":{"start":{"line":23,"column":19},"end":{"line":23,"column":null}},"13":{"start":{"line":25,"column":6},"end":{"line":25,"column":null}},"14":{"start":{"line":25,"column":29},"end":{"line":25,"column":91}},"15":{"start":{"line":28,"column":6},"end":{"line":30,"column":null}},"16":{"start":{"line":29,"column":8},"end":{"line":29,"column":null}},"17":{"start":{"line":29,"column":31},"end":{"line":29,"column":62}},"18":{"start":{"line":29,"column":50},"end":{"line":29,"column":61}},"19":{"start":{"line":34,"column":2},"end":{"line":50,"column":null}},"20":{"start":{"line":38,"column":10},"end":{"line":47,"column":null}}},"fnMap":{"0":{"name":"(anonymous_0)","decl":{"start":{"line":5,"column":41},"end":{"line":5,"column":47}},"loc":{"start":{"line":5,"column":47},"end":{"line":52,"column":null}},"line":5},"1":{"name":"(anonymous_1)","decl":{"start":{"line":6,"column":36},"end":{"line":6,"column":37}},"loc":{"start":{"line":6,"column":47},"end":{"line":6,"column":65}},"line":6},"2":{"name":"(anonymous_2)","decl":{"start":{"line":11,"column":12},"end":{"line":11,"column":18}},"loc":{"start":{"line":11,"column":18},"end":{"line":32,"column":5}},"line":11},"3":{"name":"(anonymous_3)","decl":{"start":{"line":25,"column":19},"end":{"line":25,"column":20}},"loc":{"start":{"line":25,"column":29},"end":{"line":25,"column":91}},"line":25},"4":{"name":"(anonymous_4)","decl":{"start":{"line":28,"column":17},"end":{"line":28,"column":23}},"loc":{"start":{"line":28,"column":23},"end":{"line":30,"column":9}},"line":28},"5":{"name":"(anonymous_5)","decl":{"start":{"line":29,"column":21},"end":{"line":29,"column":22}},"loc":{"start":{"line":29,"column":31},"end":{"line":29,"column":62}},"line":29},"6":{"name":"(anonymous_6)","decl":{"start":{"line":29,"column":43},"end":{"line":29,"column":44}},"loc":{"start":{"line":29,"column":50},"end":{"line":29,"column":61}},"line":29},"7":{"name":"(anonymous_7)","decl":{"start":{"line":37,"column":23},"end":{"line":37,"column":24}},"loc":{"start":{"line":38,"column":10},"end":{"line":47,"column":null}},"line":38}},"branchMap":{"0":{"loc":{"start":{"line":12,"column":4},"end":{"line":31,"column":null}},"type":"if","locations":[{"start":{"line":12,"column":4},"end":{"line":31,"column":null}},{"start":{},"end":{}}],"line":12},"1":{"loc":{"start":{"line":15,"column":6},"end":{"line":21,"column":null}},"type":"if","locations":[{"start":{"line":15,"column":6},"end":{"line":21,"column":null}},{"start":{"line":15,"column":53},"end":{"line":21,"column":null}}],"line":15},"2":{"loc":{"start":{"line":15,"column":53},"end":{"line":21,"column":null}},"type":"if","locations":[{"start":{"line":15,"column":53},"end":{"line":21,"column":null}},{"start":{},"end":{}}],"line":15},"3":{"loc":{"start":{"line":17,"column":8},"end":{"line":19,"column":null}},"type":"binary-expr","locations":[{"start":{"line":17,"column":8},"end":{"line":17,"column":null}},{"start":{"line":18,"column":8},"end":{"line":18,"column":null}},{"start":{"line":19,"column":8},"end":{"line":19,"column":null}}],"line":17},"4":{"loc":{"start":{"line":23,"column":44},"end":{"line":23,"column":108}},"type":"cond-expr","locations":[{"start":{"line":23,"column":74},"end":{"line":23,"column":106}},{"start":{"line":23,"column":106},"end":{"line":23,"column":108}}],"line":23}},"s":{"0":2,"1":0,"2":0,"3":0,"4":0,"5":0,"6":0,"7":0,"8":0,"9":0,"10":0,"11":0,"12":0,"13":0,"14":0,"15":0,"16":0,"17":0,"18":0,"19":0,"20":0},"f":{"0":0,"1":0,"2":0,"3":0,"4":0,"5":0,"6":0,"7":0},"b":{"0":[0,0],"1":[0,0],"2":[0,0],"3":[0,0,0],"4":[0,0]},"meta":{"lastBranch":5,"lastFunction":8,"lastStatement":21,"seen":{"s:5:41:52:Infinity":0,"f:5:41:5:47":0,"s:6:8:6:Infinity":1,"f:6:36:6:37":1,"s:6:47:6:65":2,"s:7:32:9:Infinity":3,"s:11:2:32:Infinity":4,"f:11:12:11:18":2,"b:12:4:31:Infinity:undefined:undefined:undefined:undefined":0,"s:12:4:31:Infinity":5,"s:13:17:13:Infinity":6,"s:14:18:14:Infinity":7,"b:15:6:21:Infinity:15:53:21:Infinity":1,"s:15:6:21:Infinity":8,"s:15:45:15:Infinity":9,"b:15:53:21:Infinity:undefined:undefined:undefined:undefined":2,"s:15:53:21:Infinity":10,"b:17:8:17:Infinity:18:8:18:Infinity:19:8:19:Infinity":3,"s:21:8:21:Infinity":11,"s:23:19:23:Infinity":12,"b:23:74:23:106:23:106:23:108":4,"s:25:6:25:Infinity":13,"f:25:19:25:20":3,"s:25:29:25:91":14,"s:28:6:30:Infinity":15,"f:28:17:28:23":4,"s:29:8:29:Infinity":16,"f:29:21:29:22":5,"s:29:31:29:62":17,"f:29:43:29:44":6,"s:29:50:29:61":18,"s:34:2:50:Infinity":19,"f:37:23:37:24":7,"s:38:10:47:Infinity":20}}}
,"/Users/steve/INFCAP/gsc-animation/music-theory/src/components/GameLoop/PlayButton.tsx": {"path":"/Users/steve/INFCAP/gsc-animation/music-theory/src/components/GameLoop/PlayButton.tsx","statementMap":{"0":{"start":{"line":11,"column":53},"end":{"line":61,"column":null}},"1":{"start":{"line":12,"column":32},"end":{"line":12,"column":null}},"2":{"start":{"line":14,"column":21},"end":{"line":26,"column":null}},"3":{"start":{"line":15,"column":4},"end":{"line":25,"column":null}},"4":{"start":{"line":16,"column":6},"end":{"line":16,"column":null}},"5":{"start":{"line":17,"column":6},"end":{"line":17,"column":null}},"6":{"start":{"line":19,"column":6},"end":{"line":24,"column":null}},"7":{"start":{"line":22,"column":8},"end":{"line":22,"column":null}},"8":{"start":{"line":23,"column":8},"end":{"line":23,"column":null}},"9":{"start":{"line":29,"column":2},"end":{"line":35,"column":null}},"10":{"start":{"line":30,"column":4},"end":{"line":34,"column":null}},"11":{"start":{"line":31,"column":6},"end":{"line":33,"column":null}},"12":{"start":{"line":32,"column":8},"end":{"line":32,"column":null}},"13":{"start":{"line":37,"column":2},"end":{"line":59,"column":null}}},"fnMap":{"0":{"name":"(anonymous_0)","decl":{"start":{"line":11,"column":53},"end":{"line":11,"column":54}},"loc":{"start":{"line":11,"column":80},"end":{"line":61,"column":null}},"line":11},"1":{"name":"(anonymous_1)","decl":{"start":{"line":14,"column":21},"end":{"line":14,"column":33}},"loc":{"start":{"line":14,"column":33},"end":{"line":26,"column":null}},"line":14},"2":{"name":"(anonymous_2)","decl":{"start":{"line":29,"column":18},"end":{"line":29,"column":24}},"loc":{"start":{"line":29,"column":24},"end":{"line":35,"column":5}},"line":29},"3":{"name":"(anonymous_3)","decl":{"start":{"line":30,"column":11},"end":{"line":30,"column":17}},"loc":{"start":{"line":30,"column":17},"end":{"line":34,"column":null}},"line":30}},"branchMap":{"0":{"loc":{"start":{"line":15,"column":4},"end":{"line":25,"column":null}},"type":"if","locations":[{"start":{"line":15,"column":4},"end":{"line":25,"column":null}},{"start":{"line":18,"column":11},"end":{"line":25,"column":null}}],"line":15},"1":{"loc":{"start":{"line":19,"column":6},"end":{"line":24,"column":null}},"type":"if","locations":[{"start":{"line":19,"column":6},"end":{"line":24,"column":null}},{"start":{},"end":{}}],"line":19},"2":{"loc":{"start":{"line":31,"column":6},"end":{"line":33,"column":null}},"type":"if","locations":[{"start":{"line":31,"column":6},"end":{"line":33,"column":null}},{"start":{},"end":{}}],"line":31},"3":{"loc":{"start":{"line":42,"column":8},"end":{"line":44,"column":null}},"type":"cond-expr","locations":[{"start":{"line":43,"column":12},"end":{"line":43,"column":null}},{"start":{"line":44,"column":12},"end":{"line":44,"column":null}}],"line":42},"4":{"loc":{"start":{"line":48,"column":7},"end":{"line":57,"column":null}},"type":"cond-expr","locations":[{"start":{"line":49,"column":8},"end":{"line":52,"column":null}},{"start":{"line":54,"column":8},"end":{"line":57,"column":null}}],"line":48}},"s":{"0":1,"1":4,"2":4,"3":2,"4":1,"5":1,"6":1,"7":1,"8":1,"9":4,"10":2,"11":2,"12":0,"13":4},"f":{"0":4,"1":2,"2":2,"3":2},"b":{"0":[1,1],"1":[1,0],"2":[0,2],"3":[1,3],"4":[1,3]},"meta":{"lastBranch":5,"lastFunction":4,"lastStatement":14,"seen":{"s:11:53:61:Infinity":0,"f:11:53:11:54":0,"s:12:32:12:Infinity":1,"s:14:21:26:Infinity":2,"f:14:21:14:33":1,"b:15:4:25:Infinity:18:11:25:Infinity":0,"s:15:4:25:Infinity":3,"s:16:6:16:Infinity":4,"s:17:6:17:Infinity":5,"b:19:6:24:Infinity:undefined:undefined:undefined:undefined":1,"s:19:6:24:Infinity":6,"s:22:8:22:Infinity":7,"s:23:8:23:Infinity":8,"s:29:2:35:Infinity":9,"f:29:18:29:24":2,"s:30:4:34:Infinity":10,"f:30:11:30:17":3,"b:31:6:33:Infinity:undefined:undefined:undefined:undefined":2,"s:31:6:33:Infinity":11,"s:32:8:32:Infinity":12,"s:37:2:59:Infinity":13,"b:43:12:43:Infinity:44:12:44:Infinity":3,"b:49:8:52:Infinity:54:8:57:Infinity":4}}}
,"/Users/steve/INFCAP/gsc-animation/music-theory/src/components/MusicStaff/AbcScore.tsx": {"path":"/Users/steve/INFCAP/gsc-animation/music-theory/src/components/MusicStaff/AbcScore.tsx","statementMap":{"0":{"start":{"line":9,"column":42},"end":{"line":9,"column":null}},"1":{"start":{"line":13,"column":4},"end":{"line":13,"column":null}},"2":{"start":{"line":17,"column":16},"end":{"line":17,"column":null}},"3":{"start":{"line":18,"column":4},"end":{"line":18,"column":null}},"4":{"start":{"line":18,"column":14},"end":{"line":18,"column":null}},"5":{"start":{"line":20,"column":4},"end":{"line":20,"column":null}},"6":{"start":{"line":21,"column":4},"end":{"line":21,"column":null}},"7":{"start":{"line":22,"column":4},"end":{"line":22,"column":null}},"8":{"start":{"line":23,"column":4},"end":{"line":23,"column":null}},"9":{"start":{"line":24,"column":4},"end":{"line":24,"column":null}},"10":{"start":{"line":25,"column":4},"end":{"line":25,"column":null}},"11":{"start":{"line":26,"column":4},"end":{"line":26,"column":null}},"12":{"start":{"line":30,"column":4},"end":{"line":30,"column":null}},"13":{"start":{"line":30,"column":45},"end":{"line":30,"column":null}},"14":{"start":{"line":33,"column":26},"end":{"line":33,"column":null}},"15":{"start":{"line":34,"column":4},"end":{"line":34,"column":null}},"16":{"start":{"line":34,"column":34},"end":{"line":34,"column":72}},"17":{"start":{"line":37,"column":4},"end":{"line":41,"column":null}},"18":{"start":{"line":38,"column":6},"end":{"line":40,"column":null}},"19":{"start":{"line":39,"column":8},"end":{"line":39,"column":null}},"20":{"start":{"line":44,"column":4},"end":{"line":49,"column":null}},"21":{"start":{"line":45,"column":6},"end":{"line":45,"column":null}},"22":{"start":{"line":46,"column":6},"end":{"line":46,"column":null}},"23":{"start":{"line":47,"column":6},"end":{"line":47,"column":null}},"24":{"start":{"line":48,"column":6},"end":{"line":48,"column":null}},"25":{"start":{"line":53,"column":26},"end":{"line":53,"column":null}},"26":{"start":{"line":54,"column":4},"end":{"line":54,"column":null}},"27":{"start":{"line":54,"column":34},"end":{"line":54,"column":72}},"28":{"start":{"line":56,"column":4},"end":{"line":61,"column":null}},"29":{"start":{"line":57,"column":6},"end":{"line":57,"column":null}},"30":{"start":{"line":58,"column":6},"end":{"line":58,"column":null}},"31":{"start":{"line":59,"column":6},"end":{"line":59,"column":null}},"32":{"start":{"line":60,"column":6},"end":{"line":60,"column":null}},"33":{"start":{"line":75,"column":49},"end":{"line":173,"column":null}},"34":{"start":{"line":82,"column":19},"end":{"line":82,"column":null}},"35":{"start":{"line":82,"column":38},"end":{"line":82,"column":85}},"36":{"start":{"line":85,"column":8},"end":{"line":85,"column":null}},"37":{"start":{"line":86,"column":8},"end":{"line":86,"column":null}},"38":{"start":{"line":87,"column":8},"end":{"line":87,"column":null}},"39":{"start":{"line":88,"column":8},"end":{"line":88,"column":null}},"40":{"start":{"line":91,"column":8},"end":{"line":91,"column":null}},"41":{"start":{"line":91,"column":32},"end":{"line":91,"column":55}},"42":{"start":{"line":92,"column":8},"end":{"line":92,"column":null}},"43":{"start":{"line":92,"column":32},"end":{"line":92,"column":55}},"44":{"start":{"line":95,"column":2},"end":{"line":105,"column":null}},"45":{"start":{"line":96,"column":4},"end":{"line":96,"column":null}},"46":{"start":{"line":97,"column":4},"end":{"line":97,"column":null}},"47":{"start":{"line":98,"column":4},"end":{"line":98,"column":null}},"48":{"start":{"line":100,"column":4},"end":{"line":104,"column":null}},"49":{"start":{"line":101,"column":6},"end":{"line":101,"column":null}},"50":{"start":{"line":102,"column":6},"end":{"line":102,"column":null}},"51":{"start":{"line":103,"column":6},"end":{"line":103,"column":null}},"52":{"start":{"line":108,"column":2},"end":{"line":124,"column":null}},"53":{"start":{"line":109,"column":4},"end":{"line":109,"column":null}},"54":{"start":{"line":109,"column":79},"end":{"line":109,"column":null}},"55":{"start":{"line":111,"column":4},"end":{"line":122,"column":null}},"56":{"start":{"line":123,"column":4},"end":{"line":123,"column":null}},"57":{"start":{"line":127,"column":2},"end":{"line":150,"column":null}},"58":{"start":{"line":128,"column":4},"end":{"line":128,"column":null}},"59":{"start":{"line":128,"column":26},"end":{"line":128,"column":null}},"60":{"start":{"line":130,"column":4},"end":{"line":149,"column":null}},"61":{"start":{"line":131,"column":24},"end":{"line":134,"column":null}},"62":{"start":{"line":136,"column":6},"end":{"line":146,"column":null}},"63":{"start":{"line":137,"column":8},"end":{"line":145,"column":null}},"64":{"start":{"line":140,"column":12},"end":{"line":143,"column":null}},"65":{"start":{"line":142,"column":26},"end":{"line":142,"column":63}},"66":{"start":{"line":143,"column":39},"end":{"line":143,"column":84}},"67":{"start":{"line":145,"column":35},"end":{"line":145,"column":83}},"68":{"start":{"line":148,"column":6},"end":{"line":148,"column":null}},"69":{"start":{"line":152,"column":2},"end":{"line":171,"column":null}}},"fnMap":{"0":{"name":"(anonymous_0)","decl":{"start":{"line":12,"column":2},"end":{"line":12,"column":14}},"loc":{"start":{"line":12,"column":36},"end":{"line":14,"column":null}},"line":12},"1":{"name":"(anonymous_1)","decl":{"start":{"line":16,"column":2},"end":{"line":16,"column":12}},"loc":{"start":{"line":16,"column":12},"end":{"line":27,"column":null}},"line":16},"2":{"name":"(anonymous_2)","decl":{"start":{"line":29,"column":2},"end":{"line":29,"column":10}},"loc":{"start":{"line":29,"column":39},"end":{"line":50,"column":null}},"line":29},"3":{"name":"(anonymous_3)","decl":{"start":{"line":34,"column":26},"end":{"line":34,"column":27}},"loc":{"start":{"line":34,"column":34},"end":{"line":34,"column":72}},"line":34},"4":{"name":"(anonymous_4)","decl":{"start":{"line":37,"column":24},"end":{"line":37,"column":25}},"loc":{"start":{"line":37,"column":39},"end":{"line":41,"column":5}},"line":37},"5":{"name":"(anonymous_5)","decl":{"start":{"line":38,"column":24},"end":{"line":38,"column":25}},"loc":{"start":{"line":38,"column":34},"end":{"line":40,"column":7}},"line":38},"6":{"name":"(anonymous_6)","decl":{"start":{"line":52,"column":2},"end":{"line":52,"column":15}},"loc":{"start":{"line":52,"column":15},"end":{"line":62,"column":null}},"line":52},"7":{"name":"(anonymous_7)","decl":{"start":{"line":54,"column":26},"end":{"line":54,"column":27}},"loc":{"start":{"line":54,"column":34},"end":{"line":54,"column":72}},"line":54},"8":{"name":"(anonymous_8)","decl":{"start":{"line":75,"column":49},"end":{"line":75,"column":50}},"loc":{"start":{"line":80,"column":6},"end":{"line":173,"column":null}},"line":80},"9":{"name":"(anonymous_9)","decl":{"start":{"line":82,"column":32},"end":{"line":82,"column":38}},"loc":{"start":{"line":82,"column":38},"end":{"line":82,"column":85}},"line":82},"10":{"name":"(anonymous_10)","decl":{"start":{"line":91,"column":26},"end":{"line":91,"column":32}},"loc":{"start":{"line":91,"column":32},"end":{"line":91,"column":55}},"line":91},"11":{"name":"(anonymous_11)","decl":{"start":{"line":92,"column":26},"end":{"line":92,"column":32}},"loc":{"start":{"line":92,"column":32},"end":{"line":92,"column":55}},"line":92},"12":{"name":"(anonymous_12)","decl":{"start":{"line":95,"column":12},"end":{"line":95,"column":18}},"loc":{"start":{"line":95,"column":18},"end":{"line":105,"column":5}},"line":95},"13":{"name":"(anonymous_13)","decl":{"start":{"line":100,"column":11},"end":{"line":100,"column":17}},"loc":{"start":{"line":100,"column":17},"end":{"line":104,"column":null}},"line":100},"14":{"name":"(anonymous_14)","decl":{"start":{"line":108,"column":12},"end":{"line":108,"column":18}},"loc":{"start":{"line":108,"column":18},"end":{"line":124,"column":5}},"line":108},"15":{"name":"(anonymous_15)","decl":{"start":{"line":127,"column":12},"end":{"line":127,"column":18}},"loc":{"start":{"line":127,"column":18},"end":{"line":150,"column":5}},"line":127},"16":{"name":"(anonymous_16)","decl":{"start":{"line":139,"column":16},"end":{"line":139,"column":22}},"loc":{"start":{"line":139,"column":22},"end":{"line":144,"column":11}},"line":139},"17":{"name":"(anonymous_17)","decl":{"start":{"line":142,"column":20},"end":{"line":142,"column":26}},"loc":{"start":{"line":142,"column":26},"end":{"line":142,"column":63}},"line":142},"18":{"name":"(anonymous_18)","decl":{"start":{"line":143,"column":21},"end":{"line":143,"column":22}},"loc":{"start":{"line":143,"column":39},"end":{"line":143,"column":84}},"line":143},"19":{"name":"(anonymous_19)","decl":{"start":{"line":145,"column":17},"end":{"line":145,"column":18}},"loc":{"start":{"line":145,"column":35},"end":{"line":145,"column":83}},"line":145}},"branchMap":{"0":{"loc":{"start":{"line":18,"column":4},"end":{"line":18,"column":null}},"type":"if","locations":[{"start":{"line":18,"column":4},"end":{"line":18,"column":null}},{"start":{},"end":{}}],"line":18},"1":{"loc":{"start":{"line":30,"column":4},"end":{"line":30,"column":null}},"type":"if","locations":[{"start":{"line":30,"column":4},"end":{"line":30,"column":null}},{"start":{},"end":{}}],"line":30},"2":{"loc":{"start":{"line":30,"column":8},"end":{"line":30,"column":45}},"type":"binary-expr","locations":[{"start":{"line":30,"column":8},"end":{"line":30,"column":27}},{"start":{"line":30,"column":27},"end":{"line":30,"column":45}}],"line":30},"3":{"loc":{"start":{"line":44,"column":4},"end":{"line":49,"column":null}},"type":"if","locations":[{"start":{"line":44,"column":4},"end":{"line":49,"column":null}},{"start":{},"end":{}}],"line":44},"4":{"loc":{"start":{"line":44,"column":8},"end":{"line":44,"column":79}},"type":"binary-expr","locations":[{"start":{"line":44,"column":8},"end":{"line":44,"column":23}},{"start":{"line":44,"column":23},"end":{"line":44,"column":42}},{"start":{"line":44,"column":42},"end":{"line":44,"column":60}},{"start":{"line":44,"column":60},"end":{"line":44,"column":79}}],"line":44},"5":{"loc":{"start":{"line":56,"column":4},"end":{"line":61,"column":null}},"type":"if","locations":[{"start":{"line":56,"column":4},"end":{"line":61,"column":null}},{"start":{},"end":{}}],"line":56},"6":{"loc":{"start":{"line":77,"column":2},"end":{"line":77,"column":null}},"type":"default-arg","locations":[{"start":{"line":77,"column":13},"end":{"line":77,"column":null}}],"line":77},"7":{"loc":{"start":{"line":78,"column":2},"end":{"line":78,"column":null}},"type":"default-arg","locations":[{"start":{"line":78,"column":14},"end":{"line":78,"column":null}}],"line":78},"8":{"loc":{"start":{"line":79,"column":2},"end":{"line":79,"column":null}},"type":"default-arg","locations":[{"start":{"line":79,"column":17},"end":{"line":79,"column":null}}],"line":79},"9":{"loc":{"start":{"line":109,"column":4},"end":{"line":109,"column":null}},"type":"if","locations":[{"start":{"line":109,"column":4},"end":{"line":109,"column":null}},{"start":{},"end":{}}],"line":109},"10":{"loc":{"start":{"line":109,"column":8},"end":{"line":109,"column":79}},"type":"binary-expr","locations":[{"start":{"line":109,"column":8},"end":{"line":109,"column":25}},{"start":{"line":109,"column":25},"end":{"line":109,"column":53}},{"start":{"line":109,"column":53},"end":{"line":109,"column":79}}],"line":109},"11":{"loc":{"start":{"line":128,"column":4},"end":{"line":128,"column":null}},"type":"if","locations":[{"start":{"line":128,"column":4},"end":{"line":128,"column":null}},{"start":{},"end":{}}],"line":128},"12":{"loc":{"start":{"line":136,"column":6},"end":{"line":146,"column":null}},"type":"if","locations":[{"start":{"line":136,"column":6},"end":{"line":146,"column":null}},{"start":{},"end":{}}],"line":136},"13":{"loc":{"start":{"line":136,"column":10},"end":{"line":136,"column":87}},"type":"binary-expr","locations":[{"start":{"line":136,"column":10},"end":{"line":136,"column":26}},{"start":{"line":136,"column":26},"end":{"line":136,"column":42}},{"start":{"line":136,"column":42},"end":{"line":136,"column":62}},{"start":{"line":136,"column":62},"end":{"line":136,"column":87}}],"line":136},"14":{"loc":{"start":{"line":157,"column":10},"end":{"line":157,"column":null}},"type":"cond-expr","locations":[{"start":{"line":157,"column":21},"end":{"line":157,"column":50}},{"start":{"line":157,"column":50},"end":{"line":157,"column":null}}],"line":157},"15":{"loc":{"start":{"line":160,"column":7},"end":{"line":160,"column":null}},"type":"binary-expr","locations":[{"start":{"line":160,"column":7},"end":{"line":160,"column":23}},{"start":{"line":160,"column":23},"end":{"line":160,"column":null}}],"line":160}},"s":{"0":6,"1":6,"2":0,"3":0,"4":0,"5":0,"6":0,"7":0,"8":0,"9":0,"10":0,"11":0,"12":0,"13":0,"14":0,"15":0,"16":0,"17":0,"18":0,"19":0,"20":0,"21":0,"22":0,"23":0,"24":0,"25":0,"26":0,"27":0,"28":0,"29":0,"30":0,"31":0,"32":0,"33":1,"34":6,"35":6,"36":6,"37":6,"38":6,"39":6,"40":6,"41":6,"42":6,"43":6,"44":6,"45":6,"46":6,"47":6,"48":6,"49":6,"50":6,"51":6,"52":6,"53":6,"54":6,"55":0,"56":0,"57":6,"58":6,"59":0,"60":6,"61":6,"62":6,"63":0,"64":0,"65":0,"66":0,"67":0,"68":0,"69":6},"f":{"0":6,"1":0,"2":0,"3":0,"4":0,"5":0,"6":0,"7":0,"8":6,"9":6,"10":6,"11":6,"12":6,"13":6,"14":6,"15":6,"16":0,"17":0,"18":0,"19":0},"b":{"0":[0,0],"1":[0,0],"2":[0,0],"3":[0,0],"4":[0,0,0,0],"5":[0,0],"6":[6],"7":[6],"8":[6],"9":[6,0],"10":[6,0,0],"11":[0,6],"12":[0,6],"13":[6,0,0,0],"14":[0,6],"15":[6,0]},"meta":{"lastBranch":16,"lastFunction":20,"lastStatement":70,"seen":{"s:9:42:9:Infinity":0,"f:12:2:12:14":0,"s:13:4:13:Infinity":1,"f:16:2:16:12":1,"s:17:16:17:Infinity":2,"b:18:4:18:Infinity:undefined:undefined:undefined:undefined":0,"s:18:4:18:Infinity":3,"s:18:14:18:Infinity":4,"s:20:4:20:Infinity":5,"s:21:4:21:Infinity":6,"s:22:4:22:Infinity":7,"s:23:4:23:Infinity":8,"s:24:4:24:Infinity":9,"s:25:4:25:Infinity":10,"s:26:4:26:Infinity":11,"f:29:2:29:10":2,"b:30:4:30:Infinity:undefined:undefined:undefined:undefined":1,"s:30:4:30:Infinity":12,"b:30:8:30:27:30:27:30:45":2,"s:30:45:30:Infinity":13,"s:33:26:33:Infinity":14,"s:34:4:34:Infinity":15,"f:34:26:34:27":3,"s:34:34:34:72":16,"s:37:4:41:Infinity":17,"f:37:24:37:25":4,"s:38:6:40:Infinity":18,"f:38:24:38:25":5,"s:39:8:39:Infinity":19,"b:44:4:49:Infinity:undefined:undefined:undefined:undefined":3,"s:44:4:49:Infinity":20,"b:44:8:44:23:44:23:44:42:44:42:44:60:44:60:44:79":4,"s:45:6:45:Infinity":21,"s:46:6:46:Infinity":22,"s:47:6:47:Infinity":23,"s:48:6:48:Infinity":24,"f:52:2:52:15":6,"s:53:26:53:Infinity":25,"s:54:4:54:Infinity":26,"f:54:26:54:27":7,"s:54:34:54:72":27,"b:56:4:61:Infinity:undefined:undefined:undefined:undefined":5,"s:56:4:61:Infinity":28,"s:57:6:57:Infinity":29,"s:58:6:58:Infinity":30,"s:59:6:59:Infinity":31,"s:60:6:60:Infinity":32,"s:75:49:173:Infinity":33,"f:75:49:75:50":8,"b:77:13:77:Infinity":6,"b:78:14:78:Infinity":7,"b:79:17:79:Infinity":8,"s:82:19:82:Infinity":34,"f:82:32:82:38":9,"s:82:38:82:85":35,"s:85:8:85:Infinity":36,"s:86:8:86:Infinity":37,"s:87:8:87:Infinity":38,"s:88:8:88:Infinity":39,"s:91:8:91:Infinity":40,"f:91:26:91:32":10,"s:91:32:91:55":41,"s:92:8:92:Infinity":42,"f:92:26:92:32":11,"s:92:32:92:55":43,"s:95:2:105:Infinity":44,"f:95:12:95:18":12,"s:96:4:96:Infinity":45,"s:97:4:97:Infinity":46,"s:98:4:98:Infinity":47,"s:100:4:104:Infinity":48,"f:100:11:100:17":13,"s:101:6:101:Infinity":49,"s:102:6:102:Infinity":50,"s:103:6:103:Infinity":51,"s:108:2:124:Infinity":52,"f:108:12:108:18":14,"b:109:4:109:Infinity:undefined:undefined:undefined:undefined":9,"s:109:4:109:Infinity":53,"b:109:8:109:25:109:25:109:53:109:53:109:79":10,"s:109:79:109:Infinity":54,"s:111:4:122:Infinity":55,"s:123:4:123:Infinity":56,"s:127:2:150:Infinity":57,"f:127:12:127:18":15,"b:128:4:128:Infinity:undefined:undefined:undefined:undefined":11,"s:128:4:128:Infinity":58,"s:128:26:128:Infinity":59,"s:130:4:149:Infinity":60,"s:131:24:134:Infinity":61,"b:136:6:146:Infinity:undefined:undefined:undefined:undefined":12,"s:136:6:146:Infinity":62,"b:136:10:136:26:136:26:136:42:136:42:136:62:136:62:136:87":13,"s:137:8:145:Infinity":63,"f:139:16:139:22":16,"s:140:12:143:Infinity":64,"f:142:20:142:26":17,"s:142:26:142:63":65,"f:143:21:143:22":18,"s:143:39:143:84":66,"f:145:17:145:18":19,"s:145:35:145:83":67,"s:148:6:148:Infinity":68,"s:152:2:171:Infinity":69,"b:157:21:157:50:157:50:157:Infinity":14,"b:160:7:160:23:160:23:160:Infinity":15}}}
,"/Users/steve/INFCAP/gsc-animation/music-theory/src/components/MusicStaff/MusicStaff.tsx": {"path":"/Users/steve/INFCAP/gsc-animation/music-theory/src/components/MusicStaff/MusicStaff.tsx","statementMap":{"0":{"start":{"line":16,"column":53},"end":{"line":162,"column":null}},"1":{"start":{"line":26,"column":10},"end":{"line":26,"column":null}},"2":{"start":{"line":27,"column":10},"end":{"line":27,"column":null}},"3":{"start":{"line":28,"column":40},"end":{"line":28,"column":null}},"4":{"start":{"line":30,"column":4},"end":{"line":57,"column":null}},"5":{"start":{"line":31,"column":6},"end":{"line":34,"column":null}},"6":{"start":{"line":32,"column":8},"end":{"line":32,"column":null}},"7":{"start":{"line":33,"column":8},"end":{"line":33,"column":null}},"8":{"start":{"line":36,"column":6},"end":{"line":36,"column":null}},"9":{"start":{"line":36,"column":33},"end":{"line":36,"column":null}},"10":{"start":{"line":39,"column":29},"end":{"line":49,"column":null}},"11":{"start":{"line":40,"column":8},"end":{"line":48,"column":null}},"12":{"start":{"line":41,"column":10},"end":{"line":47,"column":null}},"13":{"start":{"line":43,"column":12},"end":{"line":43,"column":null}},"14":{"start":{"line":44,"column":12},"end":{"line":46,"column":null}},"15":{"start":{"line":45,"column":14},"end":{"line":45,"column":null}},"16":{"start":{"line":51,"column":6},"end":{"line":51,"column":null}},"17":{"start":{"line":53,"column":6},"end":{"line":56,"column":null}},"18":{"start":{"line":54,"column":8},"end":{"line":54,"column":null}},"19":{"start":{"line":55,"column":8},"end":{"line":55,"column":null}},"20":{"start":{"line":59,"column":4},"end":{"line":134,"column":null}},"21":{"start":{"line":60,"column":6},"end":{"line":60,"column":null}},"22":{"start":{"line":60,"column":31},"end":{"line":60,"column":null}},"23":{"start":{"line":63,"column":6},"end":{"line":63,"column":null}},"24":{"start":{"line":65,"column":17},"end":{"line":68,"column":null}},"25":{"start":{"line":70,"column":20},"end":{"line":70,"column":null}},"26":{"start":{"line":71,"column":22},"end":{"line":71,"column":null}},"27":{"start":{"line":73,"column":12},"end":{"line":73,"column":null}},"28":{"start":{"line":76,"column":6},"end":{"line":89,"column":null}},"29":{"start":{"line":79,"column":26},"end":{"line":79,"column":null}},"30":{"start":{"line":82,"column":8},"end":{"line":82,"column":null}},"31":{"start":{"line":83,"column":8},"end":{"line":83,"column":null}},"32":{"start":{"line":87,"column":6},"end":{"line":89,"column":null}},"33":{"start":{"line":88,"column":8},"end":{"line":88,"column":null}},"34":{"start":{"line":92,"column":27},"end":{"line":92,"column":null}},"35":{"start":{"line":94,"column":6},"end":{"line":133,"column":null}},"36":{"start":{"line":95,"column":8},"end":{"line":130,"column":null}},"37":{"start":{"line":97,"column":10},"end":{"line":97,"column":null}},"38":{"start":{"line":97,"column":26},"end":{"line":97,"column":null}},"39":{"start":{"line":99,"column":20},"end":{"line":99,"column":null}},"40":{"start":{"line":100,"column":20},"end":{"line":100,"column":null}},"41":{"start":{"line":103,"column":24},"end":{"line":103,"column":null}},"42":{"start":{"line":106,"column":10},"end":{"line":108,"column":null}},"43":{"start":{"line":107,"column":12},"end":{"line":107,"column":null}},"44":{"start":{"line":111,"column":10},"end":{"line":111,"column":null}},"45":{"start":{"line":114,"column":30},"end":{"line":114,"column":null}},"46":{"start":{"line":117,"column":24},"end":{"line":117,"column":null}},"47":{"start":{"line":120,"column":10},"end":{"line":120,"column":null}},"48":{"start":{"line":125,"column":33},"end":{"line":125,"column":null}},"49":{"start":{"line":127,"column":10},"end":{"line":127,"column":null}},"50":{"start":{"line":129,"column":10},"end":{"line":129,"column":null}},"51":{"start":{"line":132,"column":8},"end":{"line":132,"column":null}},"52":{"start":{"line":136,"column":4},"end":{"line":159,"column":null}}},"fnMap":{"0":{"name":"(anonymous_0)","decl":{"start":{"line":17,"column":2},"end":{"line":17,"column":3}},"loc":{"start":{"line":25,"column":8},"end":{"line":161,"column":null}},"line":25},"1":{"name":"(anonymous_1)","decl":{"start":{"line":30,"column":14},"end":{"line":30,"column":20}},"loc":{"start":{"line":30,"column":20},"end":{"line":57,"column":7}},"line":30},"2":{"name":"(anonymous_2)","decl":{"start":{"line":39,"column":48},"end":{"line":39,"column":49}},"loc":{"start":{"line":39,"column":61},"end":{"line":49,"column":7}},"line":39},"3":{"name":"(anonymous_3)","decl":{"start":{"line":44,"column":35},"end":{"line":44,"column":41}},"loc":{"start":{"line":44,"column":41},"end":{"line":46,"column":15}},"line":44},"4":{"name":"(anonymous_4)","decl":{"start":{"line":53,"column":13},"end":{"line":53,"column":19}},"loc":{"start":{"line":53,"column":19},"end":{"line":56,"column":null}},"line":53},"5":{"name":"(anonymous_5)","decl":{"start":{"line":59,"column":14},"end":{"line":59,"column":20}},"loc":{"start":{"line":59,"column":20},"end":{"line":134,"column":7}},"line":59},"6":{"name":"(anonymous_6)","decl":{"start":{"line":95,"column":25},"end":{"line":95,"column":26}},"loc":{"start":{"line":95,"column":50},"end":{"line":130,"column":9}},"line":95}},"branchMap":{"0":{"loc":{"start":{"line":19,"column":4},"end":{"line":19,"column":null}},"type":"default-arg","locations":[{"start":{"line":19,"column":11},"end":{"line":19,"column":null}}],"line":19},"1":{"loc":{"start":{"line":20,"column":4},"end":{"line":20,"column":null}},"type":"default-arg","locations":[{"start":{"line":20,"column":20},"end":{"line":20,"column":null}}],"line":20},"2":{"loc":{"start":{"line":28,"column":53},"end":{"line":28,"column":65}},"type":"binary-expr","locations":[{"start":{"line":28,"column":53},"end":{"line":28,"column":62}},{"start":{"line":28,"column":62},"end":{"line":28,"column":65}}],"line":28},"3":{"loc":{"start":{"line":31,"column":6},"end":{"line":34,"column":null}},"type":"if","locations":[{"start":{"line":31,"column":6},"end":{"line":34,"column":null}},{"start":{},"end":{}}],"line":31},"4":{"loc":{"start":{"line":36,"column":6},"end":{"line":36,"column":null}},"type":"if","locations":[{"start":{"line":36,"column":6},"end":{"line":36,"column":null}},{"start":{},"end":{}}],"line":36},"5":{"loc":{"start":{"line":41,"column":10},"end":{"line":47,"column":null}},"type":"if","locations":[{"start":{"line":41,"column":10},"end":{"line":47,"column":null}},{"start":{},"end":{}}],"line":41},"6":{"loc":{"start":{"line":60,"column":6},"end":{"line":60,"column":null}},"type":"if","locations":[{"start":{"line":60,"column":6},"end":{"line":60,"column":null}},{"start":{},"end":{}}],"line":60},"7":{"loc":{"start":{"line":76,"column":6},"end":{"line":89,"column":null}},"type":"if","locations":[{"start":{"line":76,"column":6},"end":{"line":89,"column":null}},{"start":{"line":87,"column":6},"end":{"line":89,"column":null}}],"line":76},"8":{"loc":{"start":{"line":87,"column":6},"end":{"line":89,"column":null}},"type":"if","locations":[{"start":{"line":87,"column":6},"end":{"line":89,"column":null}},{"start":{},"end":{}}],"line":87},"9":{"loc":{"start":{"line":97,"column":10},"end":{"line":97,"column":null}},"type":"if","locations":[{"start":{"line":97,"column":10},"end":{"line":97,"column":null}},{"start":{},"end":{}}],"line":97},"10":{"loc":{"start":{"line":106,"column":10},"end":{"line":108,"column":null}},"type":"if","locations":[{"start":{"line":106,"column":10},"end":{"line":108,"column":null}},{"start":{},"end":{}}],"line":106},"11":{"loc":{"start":{"line":125,"column":49},"end":{"line":125,"column":null}},"type":"cond-expr","locations":[{"start":{"line":125,"column":63},"end":{"line":125,"column":68}},{"start":{"line":125,"column":68},"end":{"line":125,"column":null}}],"line":125},"12":{"loc":{"start":{"line":149,"column":9},"end":{"line":157,"column":null}},"type":"binary-expr","locations":[{"start":{"line":149,"column":9},"end":{"line":149,"column":null}},{"start":{"line":150,"column":10},"end":{"line":157,"column":null}}],"line":149}},"s":{"0":1,"1":6,"2":6,"3":6,"4":6,"5":5,"6":1,"7":1,"8":4,"9":0,"10":4,"11":0,"12":0,"13":0,"14":0,"15":0,"16":4,"17":4,"18":4,"19":4,"20":6,"21":6,"22":0,"23":6,"24":6,"25":6,"26":6,"27":6,"28":6,"29":0,"30":0,"31":0,"32":6,"33":0,"34":6,"35":6,"36":6,"37":6,"38":0,"39":6,"40":6,"41":6,"42":6,"43":6,"44":6,"45":6,"46":6,"47":6,"48":6,"49":6,"50":6,"51":0,"52":6},"f":{"0":6,"1":5,"2":0,"3":0,"4":4,"5":6,"6":6},"b":{"0":[6],"1":[6],"2":[6,5],"3":[1,4],"4":[0,4],"5":[0,0],"6":[0,6],"7":[0,6],"8":[0,6],"9":[0,6],"10":[6,0],"11":[6,0],"12":[6,1]},"meta":{"lastBranch":13,"lastFunction":7,"lastStatement":53,"seen":{"s:16:53:162:Infinity":0,"f:17:2:17:3":0,"b:19:11:19:Infinity":0,"b:20:20:20:Infinity":1,"s:26:10:26:Infinity":1,"s:27:10:27:Infinity":2,"s:28:40:28:Infinity":3,"b:28:53:28:62:28:62:28:65":2,"s:30:4:57:Infinity":4,"f:30:14:30:20":1,"b:31:6:34:Infinity:undefined:undefined:undefined:undefined":3,"s:31:6:34:Infinity":5,"s:32:8:32:Infinity":6,"s:33:8:33:Infinity":7,"b:36:6:36:Infinity:undefined:undefined:undefined:undefined":4,"s:36:6:36:Infinity":8,"s:36:33:36:Infinity":9,"s:39:29:49:Infinity":10,"f:39:48:39:49":2,"s:40:8:48:Infinity":11,"b:41:10:47:Infinity:undefined:undefined:undefined:undefined":5,"s:41:10:47:Infinity":12,"s:43:12:43:Infinity":13,"s:44:12:46:Infinity":14,"f:44:35:44:41":3,"s:45:14:45:Infinity":15,"s:51:6:51:Infinity":16,"s:53:6:56:Infinity":17,"f:53:13:53:19":4,"s:54:8:54:Infinity":18,"s:55:8:55:Infinity":19,"s:59:4:134:Infinity":20,"f:59:14:59:20":5,"b:60:6:60:Infinity:undefined:undefined:undefined:undefined":6,"s:60:6:60:Infinity":21,"s:60:31:60:Infinity":22,"s:63:6:63:Infinity":23,"s:65:17:68:Infinity":24,"s:70:20:70:Infinity":25,"s:71:22:71:Infinity":26,"s:73:12:73:Infinity":27,"b:76:6:89:Infinity:87:6:89:Infinity":7,"s:76:6:89:Infinity":28,"s:79:26:79:Infinity":29,"s:82:8:82:Infinity":30,"s:83:8:83:Infinity":31,"b:87:6:89:Infinity:undefined:undefined:undefined:undefined":8,"s:87:6:89:Infinity":32,"s:88:8:88:Infinity":33,"s:92:27:92:Infinity":34,"s:94:6:133:Infinity":35,"s:95:8:130:Infinity":36,"f:95:25:95:26":6,"b:97:10:97:Infinity:undefined:undefined:undefined:undefined":9,"s:97:10:97:Infinity":37,"s:97:26:97:Infinity":38,"s:99:20:99:Infinity":39,"s:100:20:100:Infinity":40,"s:103:24:103:Infinity":41,"b:106:10:108:Infinity:undefined:undefined:undefined:undefined":10,"s:106:10:108:Infinity":42,"s:107:12:107:Infinity":43,"s:111:10:111:Infinity":44,"s:114:30:114:Infinity":45,"s:117:24:117:Infinity":46,"s:120:10:120:Infinity":47,"s:125:33:125:Infinity":48,"b:125:63:125:68:125:68:125:Infinity":11,"s:127:10:127:Infinity":49,"s:129:10:129:Infinity":50,"s:132:8:132:Infinity":51,"s:136:4:159:Infinity":52,"b:149:9:149:Infinity:150:10:157:Infinity":12}}}
,"/Users/steve/INFCAP/gsc-animation/music-theory/src/components/VirtualGuitar/VirtualGuitar.tsx": {"path":"/Users/steve/INFCAP/gsc-animation/music-theory/src/components/VirtualGuitar/VirtualGuitar.tsx","statementMap":{"0":{"start":{"line":24,"column":20},"end":{"line":24,"column":null}},"1":{"start":{"line":26,"column":14},"end":{"line":26,"column":null}},"2":{"start":{"line":27,"column":15},"end":{"line":27,"column":null}},"3":{"start":{"line":28,"column":18},"end":{"line":28,"column":null}},"4":{"start":{"line":29,"column":18},"end":{"line":29,"column":null}},"5":{"start":{"line":30,"column":24},"end":{"line":30,"column":null}},"6":{"start":{"line":31,"column":25},"end":{"line":31,"column":null}},"7":{"start":{"line":32,"column":23},"end":{"line":32,"column":null}},"8":{"start":{"line":33,"column":21},"end":{"line":33,"column":null}},"9":{"start":{"line":35,"column":59},"end":{"line":212,"column":null}},"10":{"start":{"line":41,"column":8},"end":{"line":41,"column":null}},"11":{"start":{"line":41,"column":53},"end":{"line":41,"column":73}},"12":{"start":{"line":46,"column":8},"end":{"line":62,"column":null}},"13":{"start":{"line":47,"column":16},"end":{"line":47,"column":null}},"14":{"start":{"line":48,"column":4},"end":{"line":60,"column":null}},"15":{"start":{"line":50,"column":12},"end":{"line":50,"column":null}},"16":{"start":{"line":51,"column":6},"end":{"line":59,"column":null}},"17":{"start":{"line":52,"column":14},"end":{"line":52,"column":null}},"18":{"start":{"line":53,"column":8},"end":{"line":58,"column":null}},"19":{"start":{"line":55,"column":10},"end":{"line":57,"column":null}},"20":{"start":{"line":56,"column":12},"end":{"line":56,"column":null}},"21":{"start":{"line":61,"column":4},"end":{"line":61,"column":null}},"22":{"start":{"line":64,"column":26},"end":{"line":75,"column":null}},"23":{"start":{"line":66,"column":10},"end":{"line":66,"column":null}},"24":{"start":{"line":67,"column":4},"end":{"line":74,"column":null}},"25":{"start":{"line":70,"column":12},"end":{"line":70,"column":null}},"26":{"start":{"line":71,"column":6},"end":{"line":73,"column":null}},"27":{"start":{"line":72,"column":8},"end":{"line":72,"column":null}},"28":{"start":{"line":78,"column":21},"end":{"line":78,"column":null}},"29":{"start":{"line":80,"column":2},"end":{"line":210,"column":null}},"30":{"start":{"line":112,"column":14},"end":{"line":120,"column":null}},"31":{"start":{"line":125,"column":14},"end":{"line":132,"column":null}},"32":{"start":{"line":137,"column":14},"end":{"line":145,"column":null}},"33":{"start":{"line":150,"column":14},"end":{"line":205,"column":null}},"34":{"start":{"line":151,"column":33},"end":{"line":151,"column":null}},"35":{"start":{"line":153,"column":18},"end":{"line":153,"column":null}},"36":{"start":{"line":154,"column":22},"end":{"line":154,"column":null}},"37":{"start":{"line":155,"column":26},"end":{"line":155,"column":null}},"38":{"start":{"line":157,"column":16},"end":{"line":203,"column":null}},"39":{"start":{"line":161,"column":22},"end":{"line":161,"column":null}},"40":{"start":{"line":162,"column":22},"end":{"line":162,"column":null}}},"fnMap":{"0":{"name":"(anonymous_0)","decl":{"start":{"line":35,"column":59},"end":{"line":35,"column":60}},"loc":{"start":{"line":40,"column":6},"end":{"line":212,"column":null}},"line":40},"1":{"name":"(anonymous_1)","decl":{"start":{"line":41,"column":42},"end":{"line":41,"column":43}},"loc":{"start":{"line":41,"column":53},"end":{"line":41,"column":73}},"line":41},"2":{"name":"(anonymous_2)","decl":{"start":{"line":46,"column":34},"end":{"line":46,"column":40}},"loc":{"start":{"line":46,"column":40},"end":{"line":62,"column":5}},"line":46},"3":{"name":"(anonymous_3)","decl":{"start":{"line":48,"column":24},"end":{"line":48,"column":25}},"loc":{"start":{"line":48,"column":41},"end":{"line":60,"column":5}},"line":48},"4":{"name":"(anonymous_4)","decl":{"start":{"line":53,"column":26},"end":{"line":53,"column":27}},"loc":{"start":{"line":53,"column":35},"end":{"line":58,"column":9}},"line":53},"5":{"name":"(anonymous_5)","decl":{"start":{"line":64,"column":26},"end":{"line":64,"column":27}},"loc":{"start":{"line":64,"column":65},"end":{"line":75,"column":null}},"line":64},"6":{"name":"(anonymous_6)","decl":{"start":{"line":111,"column":57},"end":{"line":111,"column":58}},"loc":{"start":{"line":112,"column":14},"end":{"line":120,"column":null}},"line":112},"7":{"name":"(anonymous_7)","decl":{"start":{"line":124,"column":28},"end":{"line":124,"column":29}},"loc":{"start":{"line":125,"column":14},"end":{"line":132,"column":null}},"line":125},"8":{"name":"(anonymous_8)","decl":{"start":{"line":136,"column":31},"end":{"line":136,"column":32}},"loc":{"start":{"line":137,"column":14},"end":{"line":145,"column":null}},"line":137},"9":{"name":"(anonymous_9)","decl":{"start":{"line":149,"column":31},"end":{"line":149,"column":32}},"loc":{"start":{"line":150,"column":14},"end":{"line":205,"column":null}},"line":150},"10":{"name":"(anonymous_10)","decl":{"start":{"line":150,"column":58},"end":{"line":150,"column":59}},"loc":{"start":{"line":150,"column":71},"end":{"line":205,"column":15}},"line":150},"11":{"name":"(anonymous_11)","decl":{"start":{"line":160,"column":29},"end":{"line":160,"column":30}},"loc":{"start":{"line":160,"column":36},"end":{"line":163,"column":null}},"line":160}},"branchMap":{"0":{"loc":{"start":{"line":36,"column":2},"end":{"line":36,"column":null}},"type":"default-arg","locations":[{"start":{"line":36,"column":16},"end":{"line":36,"column":null}}],"line":36},"1":{"loc":{"start":{"line":38,"column":2},"end":{"line":38,"column":null}},"type":"default-arg","locations":[{"start":{"line":38,"column":15},"end":{"line":38,"column":null}}],"line":38},"2":{"loc":{"start":{"line":51,"column":6},"end":{"line":59,"column":null}},"type":"if","locations":[{"start":{"line":51,"column":6},"end":{"line":59,"column":null}},{"start":{},"end":{}}],"line":51},"3":{"loc":{"start":{"line":55,"column":10},"end":{"line":57,"column":null}},"type":"if","locations":[{"start":{"line":55,"column":10},"end":{"line":57,"column":null}},{"start":{},"end":{}}],"line":55},"4":{"loc":{"start":{"line":67,"column":4},"end":{"line":74,"column":null}},"type":"if","locations":[{"start":{"line":67,"column":4},"end":{"line":74,"column":null}},{"start":{},"end":{}}],"line":67},"5":{"loc":{"start":{"line":71,"column":6},"end":{"line":73,"column":null}},"type":"if","locations":[{"start":{"line":71,"column":6},"end":{"line":73,"column":null}},{"start":{},"end":{}}],"line":71},"6":{"loc":{"start":{"line":119,"column":29},"end":{"line":119,"column":null}},"type":"cond-expr","locations":[{"start":{"line":119,"column":39},"end":{"line":119,"column":43}},{"start":{"line":119,"column":43},"end":{"line":119,"column":null}}],"line":119},"7":{"loc":{"start":{"line":153,"column":18},"end":{"line":153,"column":null}},"type":"cond-expr","locations":[{"start":{"line":153,"column":31},"end":{"line":153,"column":48}},{"start":{"line":153,"column":48},"end":{"line":153,"column":null}}],"line":153},"8":{"loc":{"start":{"line":169,"column":29},"end":{"line":169,"column":null}},"type":"cond-expr","locations":[{"start":{"line":169,"column":42},"end":{"line":169,"column":47}},{"start":{"line":169,"column":47},"end":{"line":169,"column":null}}],"line":169},"9":{"loc":{"start":{"line":176,"column":21},"end":{"line":185,"column":null}},"type":"binary-expr","locations":[{"start":{"line":176,"column":21},"end":{"line":176,"column":null}},{"start":{"line":177,"column":22},"end":{"line":185,"column":null}}],"line":176},"10":{"loc":{"start":{"line":185,"column":22},"end":{"line":201,"column":null}},"type":"binary-expr","locations":[{"start":{"line":189,"column":22},"end":{"line":189,"column":35}},{"start":{"line":189,"column":35},"end":{"line":189,"column":49}},{"start":{"line":189,"column":49},"end":{"line":189,"column":null}},{"start":{"line":190,"column":22},"end":{"line":201,"column":null}}],"line":185},"11":{"loc":{"start":{"line":196,"column":30},"end":{"line":196,"column":null}},"type":"cond-expr","locations":[{"start":{"line":196,"column":41},"end":{"line":196,"column":53}},{"start":{"line":196,"column":53},"end":{"line":196,"column":null}}],"line":196},"12":{"loc":{"start":{"line":200,"column":38},"end":{"line":200,"column":73}},"type":"binary-expr","locations":[{"start":{"line":200,"column":38},"end":{"line":200,"column":69}},{"start":{"line":200,"column":69},"end":{"line":200,"column":73}}],"line":200}},"s":{"0":1,"1":1,"2":1,"3":1,"4":1,"5":1,"6":1,"7":1,"8":1,"9":1,"10":4,"11":12,"12":4,"13":4,"14":4,"15":1,"16":1,"17":1,"18":1,"19":2,"20":2,"21":4,"22":4,"23":0,"24":0,"25":0,"26":0,"27":0,"28":4,"29":4,"30":36,"31":12,"32":24,"33":24,"34":216,"35":216,"36":216,"37":216,"38":216,"39":0,"40":0},"f":{"0":4,"1":12,"2":4,"3":1,"4":2,"5":0,"6":36,"7":12,"8":24,"9":24,"10":216,"11":0},"b":{"0":[4],"1":[4],"2":[1,0],"3":[2,0],"4":[0,0],"5":[0,0],"6":[4,32],"7":[24,192],"8":[24,192],"9":[216,2],"10":[216,214,214,26],"11":[2,24],"12":[26,0]},"meta":{"lastBranch":13,"lastFunction":12,"lastStatement":41,"seen":{"s:24:20:24:Infinity":0,"s:26:14:26:Infinity":1,"s:27:15:27:Infinity":2,"s:28:18:28:Infinity":3,"s:29:18:29:Infinity":4,"s:30:24:30:Infinity":5,"s:31:25:31:Infinity":6,"s:32:23:32:Infinity":7,"s:33:21:33:Infinity":8,"s:35:59:212:Infinity":9,"f:35:59:35:60":0,"b:36:16:36:Infinity":0,"b:38:15:38:Infinity":1,"s:41:8:41:Infinity":10,"f:41:42:41:43":1,"s:41:53:41:73":11,"s:46:8:62:Infinity":12,"f:46:34:46:40":2,"s:47:16:47:Infinity":13,"s:48:4:60:Infinity":14,"f:48:24:48:25":3,"s:50:12:50:Infinity":15,"b:51:6:59:Infinity:undefined:undefined:undefined:undefined":2,"s:51:6:59:Infinity":16,"s:52:14:52:Infinity":17,"s:53:8:58:Infinity":18,"f:53:26:53:27":4,"b:55:10:57:Infinity:undefined:undefined:undefined:undefined":3,"s:55:10:57:Infinity":19,"s:56:12:56:Infinity":20,"s:61:4:61:Infinity":21,"s:64:26:75:Infinity":22,"f:64:26:64:27":5,"s:66:10:66:Infinity":23,"b:67:4:74:Infinity:undefined:undefined:undefined:undefined":4,"s:67:4:74:Infinity":24,"s:70:12:70:Infinity":25,"b:71:6:73:Infinity:undefined:undefined:undefined:undefined":5,"s:71:6:73:Infinity":26,"s:72:8:72:Infinity":27,"s:78:21:78:Infinity":28,"s:80:2:210:Infinity":29,"f:111:57:111:58":6,"s:112:14:120:Infinity":30,"b:119:39:119:43:119:43:119:Infinity":6,"f:124:28:124:29":7,"s:125:14:132:Infinity":31,"f:136:31:136:32":8,"s:137:14:145:Infinity":32,"f:149:31:149:32":9,"s:150:14:205:Infinity":33,"f:150:58:150:59":10,"s:151:33:151:Infinity":34,"s:153:18:153:Infinity":35,"b:153:31:153:48:153:48:153:Infinity":7,"s:154:22:154:Infinity":36,"s:155:26:155:Infinity":37,"s:157:16:203:Infinity":38,"f:160:29:160:30":11,"s:161:22:161:Infinity":39,"s:162:22:162:Infinity":40,"b:169:42:169:47:169:47:169:Infinity":8,"b:176:21:176:Infinity:177:22:185:Infinity":9,"b:189:22:189:35:189:35:189:49:189:49:189:Infinity:190:22:201:Infinity":10,"b:196:41:196:53:196:53:196:Infinity":11,"b:200:38:200:69:200:69:200:73":12}}}
,"/Users/steve/INFCAP/gsc-animation/music-theory/src/components/VirtualPiano/PianoKey.tsx": {"path":"/Users/steve/INFCAP/gsc-animation/music-theory/src/components/VirtualPiano/PianoKey.tsx","statementMap":{"0":{"start":{"line":18,"column":42},"end":{"line":119,"column":null}},"1":{"start":{"line":28,"column":30},"end":{"line":28,"column":null}},"2":{"start":{"line":29,"column":32},"end":{"line":29,"column":null}},"3":{"start":{"line":30,"column":8},"end":{"line":30,"column":null}},"4":{"start":{"line":30,"column":53},"end":{"line":30,"column":73}},"5":{"start":{"line":31,"column":8},"end":{"line":31,"column":null}},"6":{"start":{"line":33,"column":8},"end":{"line":33,"column":null}},"7":{"start":{"line":34,"column":23},"end":{"line":34,"column":null}},"8":{"start":{"line":37,"column":21},"end":{"line":37,"column":null}},"9":{"start":{"line":39,"column":32},"end":{"line":44,"column":null}},"10":{"start":{"line":40,"column":4},"end":{"line":43,"column":null}},"11":{"start":{"line":41,"column":6},"end":{"line":41,"column":null}},"12":{"start":{"line":42,"column":6},"end":{"line":42,"column":null}},"13":{"start":{"line":46,"column":28},"end":{"line":52,"column":null}},"14":{"start":{"line":47,"column":4},"end":{"line":47,"column":null}},"15":{"start":{"line":48,"column":4},"end":{"line":48,"column":null}},"16":{"start":{"line":49,"column":4},"end":{"line":49,"column":null}},"17":{"start":{"line":50,"column":4},"end":{"line":50,"column":null}},"18":{"start":{"line":51,"column":4},"end":{"line":51,"column":null}},"19":{"start":{"line":54,"column":26},"end":{"line":64,"column":null}},"20":{"start":{"line":55,"column":4},"end":{"line":55,"column":null}},"21":{"start":{"line":56,"column":4},"end":{"line":59,"column":null}},"22":{"start":{"line":57,"column":6},"end":{"line":57,"column":null}},"23":{"start":{"line":58,"column":6},"end":{"line":58,"column":null}},"24":{"start":{"line":61,"column":4},"end":{"line":63,"column":null}},"25":{"start":{"line":62,"column":6},"end":{"line":62,"column":null}},"26":{"start":{"line":66,"column":29},"end":{"line":77,"column":null}},"27":{"start":{"line":67,"column":4},"end":{"line":67,"column":null}},"28":{"start":{"line":69,"column":4},"end":{"line":76,"column":null}},"29":{"start":{"line":70,"column":6},"end":{"line":70,"column":null}},"30":{"start":{"line":71,"column":6},"end":{"line":71,"column":null}},"31":{"start":{"line":73,"column":6},"end":{"line":75,"column":null}},"32":{"start":{"line":74,"column":8},"end":{"line":74,"column":null}},"33":{"start":{"line":80,"column":2},"end":{"line":82,"column":null}},"34":{"start":{"line":81,"column":4},"end":{"line":81,"column":null}},"35":{"start":{"line":81,"column":17},"end":{"line":81,"column":null}},"36":{"start":{"line":85,"column":4},"end":{"line":85,"column":null}},"37":{"start":{"line":88,"column":28},"end":{"line":93,"column":null}},"38":{"start":{"line":89,"column":4},"end":{"line":89,"column":null}},"39":{"start":{"line":89,"column":19},"end":{"line":89,"column":null}},"40":{"start":{"line":90,"column":4},"end":{"line":90,"column":null}},"41":{"start":{"line":90,"column":17},"end":{"line":90,"column":null}},"42":{"start":{"line":91,"column":4},"end":{"line":91,"column":null}},"43":{"start":{"line":91,"column":20},"end":{"line":91,"column":null}},"44":{"start":{"line":92,"column":4},"end":{"line":92,"column":null}},"45":{"start":{"line":95,"column":25},"end":{"line":95,"column":null}},"46":{"start":{"line":98,"column":4},"end":{"line":100,"column":null}},"47":{"start":{"line":102,"column":24},"end":{"line":102,"column":null}},"48":{"start":{"line":104,"column":2},"end":{"line":117,"column":null}}},"fnMap":{"0":{"name":"(anonymous_0)","decl":{"start":{"line":18,"column":42},"end":{"line":18,"column":43}},"loc":{"start":{"line":27,"column":6},"end":{"line":119,"column":null}},"line":27},"1":{"name":"(anonymous_1)","decl":{"start":{"line":30,"column":42},"end":{"line":30,"column":43}},"loc":{"start":{"line":30,"column":53},"end":{"line":30,"column":73}},"line":30},"2":{"name":"(anonymous_2)","decl":{"start":{"line":39,"column":32},"end":{"line":39,"column":38}},"loc":{"start":{"line":39,"column":38},"end":{"line":44,"column":null}},"line":39},"3":{"name":"(anonymous_3)","decl":{"start":{"line":46,"column":28},"end":{"line":46,"column":29}},"loc":{"start":{"line":46,"column":55},"end":{"line":52,"column":null}},"line":46},"4":{"name":"(anonymous_4)","decl":{"start":{"line":54,"column":26},"end":{"line":54,"column":27}},"loc":{"start":{"line":54,"column":53},"end":{"line":64,"column":null}},"line":54},"5":{"name":"(anonymous_5)","decl":{"start":{"line":61,"column":36},"end":{"line":61,"column":42}},"loc":{"start":{"line":61,"column":42},"end":{"line":63,"column":7}},"line":61},"6":{"name":"(anonymous_6)","decl":{"start":{"line":66,"column":29},"end":{"line":66,"column":30}},"loc":{"start":{"line":66,"column":56},"end":{"line":77,"column":null}},"line":66},"7":{"name":"(anonymous_7)","decl":{"start":{"line":73,"column":38},"end":{"line":73,"column":44}},"loc":{"start":{"line":73,"column":44},"end":{"line":75,"column":9}},"line":73},"8":{"name":"(anonymous_8)","decl":{"start":{"line":80,"column":12},"end":{"line":80,"column":18}},"loc":{"start":{"line":80,"column":18},"end":{"line":82,"column":5}},"line":80},"9":{"name":"(anonymous_9)","decl":{"start":{"line":81,"column":11},"end":{"line":81,"column":17}},"loc":{"start":{"line":81,"column":17},"end":{"line":81,"column":null}},"line":81},"10":{"name":"(anonymous_10)","decl":{"start":{"line":88,"column":28},"end":{"line":88,"column":34}},"loc":{"start":{"line":88,"column":34},"end":{"line":93,"column":null}},"line":88}},"branchMap":{"0":{"loc":{"start":{"line":22,"column":2},"end":{"line":22,"column":null}},"type":"default-arg","locations":[{"start":{"line":22,"column":18},"end":{"line":22,"column":null}}],"line":22},"1":{"loc":{"start":{"line":23,"column":2},"end":{"line":23,"column":null}},"type":"default-arg","locations":[{"start":{"line":23,"column":14},"end":{"line":23,"column":null}}],"line":23},"2":{"loc":{"start":{"line":24,"column":2},"end":{"line":24,"column":null}},"type":"default-arg","locations":[{"start":{"line":24,"column":12},"end":{"line":24,"column":null}}],"line":24},"3":{"loc":{"start":{"line":34,"column":23},"end":{"line":34,"column":null}},"type":"cond-expr","locations":[{"start":{"line":34,"column":32},"end":{"line":34,"column":71}},{"start":{"line":34,"column":71},"end":{"line":34,"column":null}}],"line":34},"4":{"loc":{"start":{"line":37,"column":21},"end":{"line":37,"column":null}},"type":"binary-expr","locations":[{"start":{"line":37,"column":21},"end":{"line":37,"column":33}},{"start":{"line":37,"column":33},"end":{"line":37,"column":null}}],"line":37},"5":{"loc":{"start":{"line":40,"column":4},"end":{"line":43,"column":null}},"type":"if","locations":[{"start":{"line":40,"column":4},"end":{"line":43,"column":null}},{"start":{},"end":{}}],"line":40},"6":{"loc":{"start":{"line":56,"column":4},"end":{"line":59,"column":null}},"type":"if","locations":[{"start":{"line":56,"column":4},"end":{"line":59,"column":null}},{"start":{},"end":{}}],"line":56},"7":{"loc":{"start":{"line":69,"column":4},"end":{"line":76,"column":null}},"type":"if","locations":[{"start":{"line":69,"column":4},"end":{"line":76,"column":null}},{"start":{},"end":{}}],"line":69},"8":{"loc":{"start":{"line":89,"column":4},"end":{"line":89,"column":null}},"type":"if","locations":[{"start":{"line":89,"column":4},"end":{"line":89,"column":null}},{"start":{},"end":{}}],"line":89},"9":{"loc":{"start":{"line":90,"column":4},"end":{"line":90,"column":null}},"type":"if","locations":[{"start":{"line":90,"column":4},"end":{"line":90,"column":null}},{"start":{},"end":{}}],"line":90},"10":{"loc":{"start":{"line":91,"column":4},"end":{"line":91,"column":null}},"type":"if","locations":[{"start":{"line":91,"column":4},"end":{"line":91,"column":null}},{"start":{},"end":{}}],"line":91},"11":{"loc":{"start":{"line":92,"column":11},"end":{"line":92,"column":null}},"type":"cond-expr","locations":[{"start":{"line":92,"column":30},"end":{"line":92,"column":43}},{"start":{"line":92,"column":43},"end":{"line":92,"column":null}}],"line":92},"12":{"loc":{"start":{"line":98,"column":4},"end":{"line":100,"column":null}},"type":"cond-expr","locations":[{"start":{"line":99,"column":8},"end":{"line":99,"column":null}},{"start":{"line":100,"column":8},"end":{"line":100,"column":null}}],"line":98},"13":{"loc":{"start":{"line":102,"column":24},"end":{"line":102,"column":null}},"type":"cond-expr","locations":[{"start":{"line":102,"column":37},"end":{"line":102,"column":81}},{"start":{"line":102,"column":81},"end":{"line":102,"column":null}}],"line":102},"14":{"loc":{"start":{"line":114,"column":7},"end":{"line":115,"column":null}},"type":"binary-expr","locations":[{"start":{"line":114,"column":7},"end":{"line":114,"column":null}},{"start":{"line":115,"column":8},"end":{"line":115,"column":null}}],"line":114}},"s":{"0":2,"1":66,"2":66,"3":66,"4":199,"5":66,"6":66,"7":66,"8":66,"9":66,"10":60,"11":3,"12":3,"13":66,"14":5,"15":5,"16":5,"17":5,"18":5,"19":66,"20":2,"21":2,"22":2,"23":2,"24":2,"25":1,"26":66,"27":1,"28":1,"29":1,"30":1,"31":1,"32":0,"33":66,"34":55,"35":55,"36":66,"37":66,"38":66,"39":0,"40":66,"41":0,"42":66,"43":8,"44":58,"45":66,"46":66,"47":66,"48":66},"f":{"0":66,"1":199,"2":60,"3":5,"4":2,"5":1,"6":1,"7":0,"8":55,"9":55,"10":66},"b":{"0":[66],"1":[66],"2":[66],"3":[32,34],"4":[66,58],"5":[3,57],"6":[2,0],"7":[1,0],"8":[0,66],"9":[0,66],"10":[8,58],"11":[37,21],"12":[45,21],"13":[8,58],"14":[66,32]},"meta":{"lastBranch":15,"lastFunction":11,"lastStatement":49,"seen":{"s:18:42:119:Infinity":0,"f:18:42:18:43":0,"b:22:18:22:Infinity":0,"b:23:14:23:Infinity":1,"b:24:12:24:Infinity":2,"s:28:30:28:Infinity":1,"s:29:32:29:Infinity":2,"s:30:8:30:Infinity":3,"f:30:42:30:43":1,"s:30:53:30:73":4,"s:31:8:31:Infinity":5,"s:33:8:33:Infinity":6,"s:34:23:34:Infinity":7,"b:34:32:34:71:34:71:34:Infinity":3,"s:37:21:37:Infinity":8,"b:37:21:37:33:37:33:37:Infinity":4,"s:39:32:44:Infinity":9,"f:39:32:39:38":2,"b:40:4:43:Infinity:undefined:undefined:undefined:undefined":5,"s:40:4:43:Infinity":10,"s:41:6:41:Infinity":11,"s:42:6:42:Infinity":12,"s:46:28:52:Infinity":13,"f:46:28:46:29":3,"s:47:4:47:Infinity":14,"s:48:4:48:Infinity":15,"s:49:4:49:Infinity":16,"s:50:4:50:Infinity":17,"s:51:4:51:Infinity":18,"s:54:26:64:Infinity":19,"f:54:26:54:27":4,"s:55:4:55:Infinity":20,"b:56:4:59:Infinity:undefined:undefined:undefined:undefined":6,"s:56:4:59:Infinity":21,"s:57:6:57:Infinity":22,"s:58:6:58:Infinity":23,"s:61:4:63:Infinity":24,"f:61:36:61:42":5,"s:62:6:62:Infinity":25,"s:66:29:77:Infinity":26,"f:66:29:66:30":6,"s:67:4:67:Infinity":27,"b:69:4:76:Infinity:undefined:undefined:undefined:undefined":7,"s:69:4:76:Infinity":28,"s:70:6:70:Infinity":29,"s:71:6:71:Infinity":30,"s:73:6:75:Infinity":31,"f:73:38:73:44":7,"s:74:8:74:Infinity":32,"s:80:2:82:Infinity":33,"f:80:12:80:18":8,"s:81:4:81:Infinity":34,"f:81:11:81:17":9,"s:81:17:81:Infinity":35,"s:85:4:85:Infinity":36,"s:88:28:93:Infinity":37,"f:88:28:88:34":10,"b:89:4:89:Infinity:undefined:undefined:undefined:undefined":8,"s:89:4:89:Infinity":38,"s:89:19:89:Infinity":39,"b:90:4:90:Infinity:undefined:undefined:undefined:undefined":9,"s:90:4:90:Infinity":40,"s:90:17:90:Infinity":41,"b:91:4:91:Infinity:undefined:undefined:undefined:undefined":10,"s:91:4:91:Infinity":42,"s:91:20:91:Infinity":43,"s:92:4:92:Infinity":44,"b:92:30:92:43:92:43:92:Infinity":11,"s:95:25:95:Infinity":45,"s:98:4:100:Infinity":46,"b:99:8:99:Infinity:100:8:100:Infinity":12,"s:102:24:102:Infinity":47,"b:102:37:102:81:102:81:102:Infinity":13,"s:104:2:117:Infinity":48,"b:114:7:114:Infinity:115:8:115:Infinity":14}}}
,"/Users/steve/INFCAP/gsc-animation/music-theory/src/components/VirtualPiano/VirtualPiano.tsx": {"path":"/Users/steve/INFCAP/gsc-animation/music-theory/src/components/VirtualPiano/VirtualPiano.tsx","statementMap":{"0":{"start":{"line":18,"column":14},"end":{"line":31,"column":null}},"1":{"start":{"line":33,"column":57},"end":{"line":125,"column":null}},"2":{"start":{"line":43,"column":23},"end":{"line":114,"column":null}},"3":{"start":{"line":44,"column":26},"end":{"line":44,"column":null}},"4":{"start":{"line":46,"column":22},"end":{"line":48,"column":null}},"5":{"start":{"line":46,"column":42},"end":{"line":46,"column":60}},"6":{"start":{"line":47,"column":13},"end":{"line":47,"column":null}},"7":{"start":{"line":49,"column":22},"end":{"line":51,"column":null}},"8":{"start":{"line":49,"column":42},"end":{"line":49,"column":60}},"9":{"start":{"line":50,"column":13},"end":{"line":50,"column":null}},"10":{"start":{"line":53,"column":4},"end":{"line":112,"column":null}},"11":{"start":{"line":61,"column":29},"end":{"line":61,"column":null}},"12":{"start":{"line":62,"column":27},"end":{"line":62,"column":null}},"13":{"start":{"line":63,"column":10},"end":{"line":79,"column":null}},"14":{"start":{"line":85,"column":27},"end":{"line":85,"column":null}},"15":{"start":{"line":87,"column":21},"end":{"line":87,"column":null}},"16":{"start":{"line":88,"column":10},"end":{"line":88,"column":null}},"17":{"start":{"line":88,"column":33},"end":{"line":88,"column":null}},"18":{"start":{"line":89,"column":10},"end":{"line":89,"column":null}},"19":{"start":{"line":89,"column":33},"end":{"line":89,"column":null}},"20":{"start":{"line":90,"column":10},"end":{"line":90,"column":null}},"21":{"start":{"line":90,"column":33},"end":{"line":90,"column":null}},"22":{"start":{"line":91,"column":10},"end":{"line":91,"column":null}},"23":{"start":{"line":91,"column":33},"end":{"line":91,"column":null}},"24":{"start":{"line":92,"column":10},"end":{"line":92,"column":null}},"25":{"start":{"line":92,"column":33},"end":{"line":92,"column":null}},"26":{"start":{"line":94,"column":10},"end":{"line":109,"column":null}},"27":{"start":{"line":116,"column":2},"end":{"line":123,"column":null}},"28":{"start":{"line":122,"column":53},"end":{"line":122,"column":68}}},"fnMap":{"0":{"name":"(anonymous_0)","decl":{"start":{"line":33,"column":57},"end":{"line":33,"column":58}},"loc":{"start":{"line":42,"column":6},"end":{"line":125,"column":null}},"line":42},"1":{"name":"(anonymous_1)","decl":{"start":{"line":43,"column":23},"end":{"line":43,"column":24}},"loc":{"start":{"line":43,"column":48},"end":{"line":114,"column":null}},"line":43},"2":{"name":"(anonymous_2)","decl":{"start":{"line":46,"column":35},"end":{"line":46,"column":36}},"loc":{"start":{"line":46,"column":42},"end":{"line":46,"column":60}},"line":46},"3":{"name":"(anonymous_3)","decl":{"start":{"line":47,"column":6},"end":{"line":47,"column":7}},"loc":{"start":{"line":47,"column":13},"end":{"line":47,"column":null}},"line":47},"4":{"name":"(anonymous_4)","decl":{"start":{"line":49,"column":35},"end":{"line":49,"column":36}},"loc":{"start":{"line":49,"column":42},"end":{"line":49,"column":60}},"line":49},"5":{"name":"(anonymous_5)","decl":{"start":{"line":50,"column":6},"end":{"line":50,"column":7}},"loc":{"start":{"line":50,"column":13},"end":{"line":50,"column":null}},"line":50},"6":{"name":"(anonymous_6)","decl":{"start":{"line":60,"column":23},"end":{"line":60,"column":24}},"loc":{"start":{"line":60,"column":33},"end":{"line":81,"column":9}},"line":60},"7":{"name":"(anonymous_7)","decl":{"start":{"line":84,"column":23},"end":{"line":84,"column":24}},"loc":{"start":{"line":84,"column":33},"end":{"line":111,"column":9}},"line":84},"8":{"name":"(anonymous_8)","decl":{"start":{"line":122,"column":43},"end":{"line":122,"column":44}},"loc":{"start":{"line":122,"column":53},"end":{"line":122,"column":68}},"line":122}},"branchMap":{"0":{"loc":{"start":{"line":34,"column":2},"end":{"line":34,"column":null}},"type":"default-arg","locations":[{"start":{"line":34,"column":16},"end":{"line":34,"column":null}}],"line":34},"1":{"loc":{"start":{"line":35,"column":2},"end":{"line":35,"column":null}},"type":"default-arg","locations":[{"start":{"line":35,"column":12},"end":{"line":35,"column":null}}],"line":35},"2":{"loc":{"start":{"line":36,"column":2},"end":{"line":36,"column":null}},"type":"default-arg","locations":[{"start":{"line":36,"column":16},"end":{"line":36,"column":null}}],"line":36},"3":{"loc":{"start":{"line":40,"column":2},"end":{"line":40,"column":null}},"type":"default-arg","locations":[{"start":{"line":40,"column":17},"end":{"line":40,"column":null}}],"line":40},"4":{"loc":{"start":{"line":41,"column":2},"end":{"line":41,"column":null}},"type":"default-arg","locations":[{"start":{"line":41,"column":15},"end":{"line":41,"column":null}}],"line":41},"5":{"loc":{"start":{"line":62,"column":27},"end":{"line":62,"column":null}},"type":"binary-expr","locations":[{"start":{"line":62,"column":27},"end":{"line":62,"column":43}},{"start":{"line":62,"column":43},"end":{"line":62,"column":null}}],"line":62},"6":{"loc":{"start":{"line":76,"column":15},"end":{"line":77,"column":null}},"type":"binary-expr","locations":[{"start":{"line":76,"column":15},"end":{"line":76,"column":27}},{"start":{"line":76,"column":27},"end":{"line":76,"column":null}},{"start":{"line":77,"column":16},"end":{"line":77,"column":null}}],"line":76},"7":{"loc":{"start":{"line":88,"column":10},"end":{"line":88,"column":null}},"type":"if","locations":[{"start":{"line":88,"column":10},"end":{"line":88,"column":null}},{"start":{},"end":{}}],"line":88},"8":{"loc":{"start":{"line":89,"column":10},"end":{"line":89,"column":null}},"type":"if","locations":[{"start":{"line":89,"column":10},"end":{"line":89,"column":null}},{"start":{},"end":{}}],"line":89},"9":{"loc":{"start":{"line":90,"column":10},"end":{"line":90,"column":null}},"type":"if","locations":[{"start":{"line":90,"column":10},"end":{"line":90,"column":null}},{"start":{},"end":{}}],"line":90},"10":{"loc":{"start":{"line":91,"column":10},"end":{"line":91,"column":null}},"type":"if","locations":[{"start":{"line":91,"column":10},"end":{"line":91,"column":null}},{"start":{},"end":{}}],"line":91},"11":{"loc":{"start":{"line":92,"column":10},"end":{"line":92,"column":null}},"type":"if","locations":[{"start":{"line":92,"column":10},"end":{"line":92,"column":null}},{"start":{},"end":{}}],"line":92}},"s":{"0":1,"1":1,"2":4,"3":4,"4":4,"5":48,"6":28,"7":4,"8":48,"9":20,"10":4,"11":28,"12":28,"13":28,"14":20,"15":20,"16":20,"17":4,"18":20,"19":4,"20":20,"21":4,"22":20,"23":4,"24":20,"25":4,"26":20,"27":4,"28":4},"f":{"0":4,"1":4,"2":48,"3":28,"4":48,"5":20,"6":28,"7":20,"8":4},"b":{"0":[4],"1":[4],"2":[4],"3":[4],"4":[4],"5":[28,0],"6":[28,0,0],"7":[4,16],"8":[4,16],"9":[4,16],"10":[4,16],"11":[4,16]},"meta":{"lastBranch":12,"lastFunction":9,"lastStatement":29,"seen":{"s:18:14:31:Infinity":0,"s:33:57:125:Infinity":1,"f:33:57:33:58":0,"b:34:16:34:Infinity":0,"b:35:12:35:Infinity":1,"b:36:16:36:Infinity":2,"b:40:17:40:Infinity":3,"b:41:15:41:Infinity":4,"s:43:23:114:Infinity":2,"f:43:23:43:24":1,"s:44:26:44:Infinity":3,"s:46:22:48:Infinity":4,"f:46:35:46:36":2,"s:46:42:46:60":5,"f:47:6:47:7":3,"s:47:13:47:Infinity":6,"s:49:22:51:Infinity":7,"f:49:35:49:36":4,"s:49:42:49:60":8,"f:50:6:50:7":5,"s:50:13:50:Infinity":9,"s:53:4:112:Infinity":10,"f:60:23:60:24":6,"s:61:29:61:Infinity":11,"s:62:27:62:Infinity":12,"b:62:27:62:43:62:43:62:Infinity":5,"s:63:10:79:Infinity":13,"b:76:15:76:27:76:27:76:Infinity:77:16:77:Infinity":6,"f:84:23:84:24":7,"s:85:27:85:Infinity":14,"s:87:21:87:Infinity":15,"b:88:10:88:Infinity:undefined:undefined:undefined:undefined":7,"s:88:10:88:Infinity":16,"s:88:33:88:Infinity":17,"b:89:10:89:Infinity:undefined:undefined:undefined:undefined":8,"s:89:10:89:Infinity":18,"s:89:33:89:Infinity":19,"b:90:10:90:Infinity:undefined:undefined:undefined:undefined":9,"s:90:10:90:Infinity":20,"s:90:33:90:Infinity":21,"b:91:10:91:Infinity:undefined:undefined:undefined:undefined":10,"s:91:10:91:Infinity":22,"s:91:33:91:Infinity":23,"b:92:10:92:Infinity:undefined:undefined:undefined:undefined":11,"s:92:10:92:Infinity":24,"s:92:33:92:Infinity":25,"s:94:10:109:Infinity":26,"s:116:2:123:Infinity":27,"f:122:43:122:44":8,"s:122:53:122:68":28}}}
,"/Users/steve/INFCAP/gsc-animation/music-theory/src/components/layout/MainHeader.tsx": {"path":"/Users/steve/INFCAP/gsc-animation/music-theory/src/components/layout/MainHeader.tsx","statementMap":{"0":{"start":{"line":12,"column":53},"end":{"line":98,"column":null}},"1":{"start":{"line":13,"column":8},"end":{"line":13,"column":null}},"2":{"start":{"line":13,"column":44},"end":{"line":13,"column":57}},"3":{"start":{"line":14,"column":8},"end":{"line":14,"column":null}},"4":{"start":{"line":14,"column":52},"end":{"line":14,"column":73}},"5":{"start":{"line":15,"column":24},"end":{"line":15,"column":null}},"6":{"start":{"line":15,"column":44},"end":{"line":15,"column":68}},"7":{"start":{"line":16,"column":8},"end":{"line":16,"column":null}},"8":{"start":{"line":16,"column":53},"end":{"line":16,"column":73}},"9":{"start":{"line":17,"column":8},"end":{"line":17,"column":null}},"10":{"start":{"line":17,"column":59},"end":{"line":17,"column":85}},"11":{"start":{"line":18,"column":8},"end":{"line":18,"column":null}},"12":{"start":{"line":18,"column":42},"end":{"line":18,"column":51}},"13":{"start":{"line":19,"column":8},"end":{"line":19,"column":null}},"14":{"start":{"line":19,"column":48},"end":{"line":19,"column":63}},"15":{"start":{"line":20,"column":8},"end":{"line":20,"column":null}},"16":{"start":{"line":20,"column":44},"end":{"line":20,"column":55}},"17":{"start":{"line":21,"column":8},"end":{"line":21,"column":null}},"18":{"start":{"line":21,"column":50},"end":{"line":21,"column":67}},"19":{"start":{"line":23,"column":2},"end":{"line":96,"column":null}},"20":{"start":{"line":50,"column":27},"end":{"line":50,"column":null}},"21":{"start":{"line":63,"column":27},"end":{"line":63,"column":null}}},"fnMap":{"0":{"name":"(anonymous_0)","decl":{"start":{"line":12,"column":53},"end":{"line":12,"column":54}},"loc":{"start":{"line":12,"column":72},"end":{"line":98,"column":null}},"line":12},"1":{"name":"(anonymous_1)","decl":{"start":{"line":13,"column":33},"end":{"line":13,"column":34}},"loc":{"start":{"line":13,"column":44},"end":{"line":13,"column":57}},"line":13},"2":{"name":"(anonymous_2)","decl":{"start":{"line":14,"column":41},"end":{"line":14,"column":42}},"loc":{"start":{"line":14,"column":52},"end":{"line":14,"column":73}},"line":14},"3":{"name":"(anonymous_3)","decl":{"start":{"line":15,"column":37},"end":{"line":15,"column":38}},"loc":{"start":{"line":15,"column":44},"end":{"line":15,"column":68}},"line":15},"4":{"name":"(anonymous_4)","decl":{"start":{"line":16,"column":42},"end":{"line":16,"column":43}},"loc":{"start":{"line":16,"column":53},"end":{"line":16,"column":73}},"line":16},"5":{"name":"(anonymous_5)","decl":{"start":{"line":17,"column":48},"end":{"line":17,"column":49}},"loc":{"start":{"line":17,"column":59},"end":{"line":17,"column":85}},"line":17},"6":{"name":"(anonymous_6)","decl":{"start":{"line":18,"column":31},"end":{"line":18,"column":32}},"loc":{"start":{"line":18,"column":42},"end":{"line":18,"column":51}},"line":18},"7":{"name":"(anonymous_7)","decl":{"start":{"line":19,"column":37},"end":{"line":19,"column":38}},"loc":{"start":{"line":19,"column":48},"end":{"line":19,"column":63}},"line":19},"8":{"name":"(anonymous_8)","decl":{"start":{"line":20,"column":33},"end":{"line":20,"column":34}},"loc":{"start":{"line":20,"column":44},"end":{"line":20,"column":55}},"line":20},"9":{"name":"(anonymous_9)","decl":{"start":{"line":21,"column":39},"end":{"line":21,"column":40}},"loc":{"start":{"line":21,"column":50},"end":{"line":21,"column":67}},"line":21},"10":{"name":"(anonymous_10)","decl":{"start":{"line":50,"column":21},"end":{"line":50,"column":27}},"loc":{"start":{"line":50,"column":27},"end":{"line":50,"column":null}},"line":50},"11":{"name":"(anonymous_11)","decl":{"start":{"line":63,"column":21},"end":{"line":63,"column":27}},"loc":{"start":{"line":63,"column":27},"end":{"line":63,"column":null}},"line":63}},"branchMap":{"0":{"loc":{"start":{"line":36,"column":37},"end":{"line":36,"column":null}},"type":"binary-expr","locations":[{"start":{"line":36,"column":37},"end":{"line":36,"column":60}},{"start":{"line":36,"column":60},"end":{"line":36,"column":null}}],"line":36},"1":{"loc":{"start":{"line":78,"column":13},"end":{"line":78,"column":null}},"type":"cond-expr","locations":[{"start":{"line":78,"column":34},"end":{"line":78,"column":54}},{"start":{"line":78,"column":54},"end":{"line":78,"column":null}}],"line":78},"2":{"loc":{"start":{"line":78,"column":54},"end":{"line":78,"column":null}},"type":"cond-expr","locations":[{"start":{"line":78,"column":73},"end":{"line":78,"column":87}},{"start":{"line":78,"column":87},"end":{"line":78,"column":null}}],"line":78}},"s":{"0":2,"1":0,"2":0,"3":0,"4":0,"5":0,"6":0,"7":0,"8":0,"9":0,"10":0,"11":0,"12":0,"13":0,"14":0,"15":0,"16":0,"17":0,"18":0,"19":0,"20":0,"21":0},"f":{"0":0,"1":0,"2":0,"3":0,"4":0,"5":0,"6":0,"7":0,"8":0,"9":0,"10":0,"11":0},"b":{"0":[0,0],"1":[0,0],"2":[0,0]},"meta":{"lastBranch":3,"lastFunction":12,"lastStatement":22,"seen":{"s:12:53:98:Infinity":0,"f:12:53:12:54":0,"s:13:8:13:Infinity":1,"f:13:33:13:34":1,"s:13:44:13:57":2,"s:14:8:14:Infinity":3,"f:14:41:14:42":2,"s:14:52:14:73":4,"s:15:24:15:Infinity":5,"f:15:37:15:38":3,"s:15:44:15:68":6,"s:16:8:16:Infinity":7,"f:16:42:16:43":4,"s:16:53:16:73":8,"s:17:8:17:Infinity":9,"f:17:48:17:49":5,"s:17:59:17:85":10,"s:18:8:18:Infinity":11,"f:18:31:18:32":6,"s:18:42:18:51":12,"s:19:8:19:Infinity":13,"f:19:37:19:38":7,"s:19:48:19:63":14,"s:20:8:20:Infinity":15,"f:20:33:20:34":8,"s:20:44:20:55":16,"s:21:8:21:Infinity":17,"f:21:39:21:40":9,"s:21:50:21:67":18,"s:23:2:96:Infinity":19,"b:36:37:36:60:36:60:36:Infinity":0,"f:50:21:50:27":10,"s:50:27:50:Infinity":20,"f:63:21:63:27":11,"s:63:27:63:Infinity":21,"b:78:34:78:54:78:54:78:Infinity":1,"b:78:73:78:87:78:87:78:Infinity":2}}}
,"/Users/steve/INFCAP/gsc-animation/music-theory/src/components/layout/MainLayout.tsx": {"path":"/Users/steve/INFCAP/gsc-animation/music-theory/src/components/layout/MainLayout.tsx","statementMap":{"0":{"start":{"line":7,"column":53},"end":{"line":9,"column":null}},"1":{"start":{"line":8,"column":2},"end":{"line":8,"column":null}}},"fnMap":{"0":{"name":"(anonymous_0)","decl":{"start":{"line":7,"column":53},"end":{"line":7,"column":54}},"loc":{"start":{"line":7,"column":71},"end":{"line":9,"column":null}},"line":7}},"branchMap":{},"s":{"0":1,"1":1},"f":{"0":1},"b":{},"meta":{"lastBranch":0,"lastFunction":1,"lastStatement":2,"seen":{"s:7:53:9:Infinity":0,"f:7:53:7:54":0,"s:8:2:8:Infinity":1}}}
,"/Users/steve/INFCAP/gsc-animation/music-theory/src/components/layout/Sidebar.tsx": {"path":"/Users/steve/INFCAP/gsc-animation/music-theory/src/components/layout/Sidebar.tsx","statementMap":{"0":{"start":{"line":18,"column":18},"end":{"line":22,"column":null}},"1":{"start":{"line":27,"column":71},"end":{"line":34,"column":null}},"2":{"start":{"line":28,"column":2},"end":{"line":34,"column":null}},"3":{"start":{"line":42,"column":47},"end":{"line":411,"column":null}},"4":{"start":{"line":43,"column":8},"end":{"line":43,"column":null}},"5":{"start":{"line":44,"column":8},"end":{"line":44,"column":null}},"6":{"start":{"line":52,"column":2},"end":{"line":52,"column":null}},"7":{"start":{"line":54,"column":8},"end":{"line":54,"column":null}},"8":{"start":{"line":54,"column":44},"end":{"line":54,"column":59}},"9":{"start":{"line":55,"column":8},"end":{"line":55,"column":null}},"10":{"start":{"line":55,"column":43},"end":{"line":55,"column":57}},"11":{"start":{"line":56,"column":8},"end":{"line":56,"column":null}},"12":{"start":{"line":56,"column":44},"end":{"line":56,"column":59}},"13":{"start":{"line":58,"column":8},"end":{"line":58,"column":null}},"14":{"start":{"line":58,"column":55},"end":{"line":58,"column":77}},"15":{"start":{"line":59,"column":8},"end":{"line":59,"column":null}},"16":{"start":{"line":59,"column":52},"end":{"line":59,"column":71}},"17":{"start":{"line":62,"column":48},"end":{"line":62,"column":null}},"18":{"start":{"line":64,"column":32},"end":{"line":68,"column":null}},"19":{"start":{"line":65,"column":4},"end":{"line":67,"column":null}},"20":{"start":{"line":66,"column":6},"end":{"line":66,"column":null}},"21":{"start":{"line":66,"column":52},"end":{"line":66,"column":67}},"22":{"start":{"line":70,"column":31},"end":{"line":73,"column":null}},"23":{"start":{"line":71,"column":4},"end":{"line":71,"column":null}},"24":{"start":{"line":72,"column":4},"end":{"line":72,"column":null}},"25":{"start":{"line":75,"column":28},"end":{"line":77,"column":null}},"26":{"start":{"line":76,"column":4},"end":{"line":76,"column":null}},"27":{"start":{"line":79,"column":31},"end":{"line":81,"column":null}},"28":{"start":{"line":80,"column":4},"end":{"line":80,"column":null}},"29":{"start":{"line":83,"column":26},"end":{"line":88,"column":null}},"30":{"start":{"line":84,"column":4},"end":{"line":86,"column":null}},"31":{"start":{"line":85,"column":6},"end":{"line":85,"column":null}},"32":{"start":{"line":87,"column":4},"end":{"line":87,"column":null}},"33":{"start":{"line":91,"column":25},"end":{"line":91,"column":null}},"34":{"start":{"line":93,"column":2},"end":{"line":409,"column":null}},"35":{"start":{"line":110,"column":27},"end":{"line":110,"column":null}},"36":{"start":{"line":120,"column":27},"end":{"line":120,"column":null}},"37":{"start":{"line":158,"column":14},"end":{"line":335,"column":null}},"38":{"start":{"line":161,"column":20},"end":{"line":169,"column":null}},"39":{"start":{"line":163,"column":42},"end":{"line":163,"column":null}},"40":{"start":{"line":164,"column":22},"end":{"line":166,"column":null}},"41":{"start":{"line":165,"column":24},"end":{"line":165,"column":null}},"42":{"start":{"line":168,"column":22},"end":{"line":168,"column":null}},"43":{"start":{"line":206,"column":41},"end":{"line":206,"column":null}},"44":{"start":{"line":207,"column":45},"end":{"line":207,"column":null}},"45":{"start":{"line":208,"column":46},"end":{"line":208,"column":null}},"46":{"start":{"line":210,"column":22},"end":{"line":330,"column":null}},"47":{"start":{"line":225,"column":30},"end":{"line":225,"column":null}},"48":{"start":{"line":226,"column":30},"end":{"line":226,"column":null}},"49":{"start":{"line":272,"column":49},"end":{"line":272,"column":null}},"50":{"start":{"line":273,"column":52},"end":{"line":273,"column":null}},"51":{"start":{"line":275,"column":32},"end":{"line":325,"column":null}},"52":{"start":{"line":279,"column":38},"end":{"line":279,"column":null}},"53":{"start":{"line":280,"column":38},"end":{"line":280,"column":null}},"54":{"start":{"line":339,"column":12},"end":{"line":344,"column":null}}},"fnMap":{"0":{"name":"(anonymous_0)","decl":{"start":{"line":27,"column":71},"end":{"line":27,"column":72}},"loc":{"start":{"line":28,"column":2},"end":{"line":34,"column":null}},"line":28},"1":{"name":"(anonymous_1)","decl":{"start":{"line":42,"column":47},"end":{"line":42,"column":48}},"loc":{"start":{"line":42,"column":66},"end":{"line":411,"column":null}},"line":42},"2":{"name":"(anonymous_2)","decl":{"start":{"line":54,"column":33},"end":{"line":54,"column":34}},"loc":{"start":{"line":54,"column":44},"end":{"line":54,"column":59}},"line":54},"3":{"name":"(anonymous_3)","decl":{"start":{"line":55,"column":32},"end":{"line":55,"column":33}},"loc":{"start":{"line":55,"column":43},"end":{"line":55,"column":57}},"line":55},"4":{"name":"(anonymous_4)","decl":{"start":{"line":56,"column":33},"end":{"line":56,"column":34}},"loc":{"start":{"line":56,"column":44},"end":{"line":56,"column":59}},"line":56},"5":{"name":"(anonymous_5)","decl":{"start":{"line":58,"column":44},"end":{"line":58,"column":45}},"loc":{"start":{"line":58,"column":55},"end":{"line":58,"column":77}},"line":58},"6":{"name":"(anonymous_6)","decl":{"start":{"line":59,"column":41},"end":{"line":59,"column":42}},"loc":{"start":{"line":59,"column":52},"end":{"line":59,"column":71}},"line":59},"7":{"name":"(anonymous_7)","decl":{"start":{"line":64,"column":32},"end":{"line":64,"column":33}},"loc":{"start":{"line":64,"column":54},"end":{"line":68,"column":null}},"line":64},"8":{"name":"(anonymous_8)","decl":{"start":{"line":65,"column":23},"end":{"line":65,"column":24}},"loc":{"start":{"line":66,"column":6},"end":{"line":66,"column":null}},"line":66},"9":{"name":"(anonymous_9)","decl":{"start":{"line":66,"column":44},"end":{"l
[...]
0}},"5":{"start":{"line":37,"column":27},"end":{"line":37,"column":null}},"6":{"start":{"line":39,"column":8},"end":{"line":41,"column":null}},"7":{"start":{"line":39,"column":24},"end":{"line":41,"column":10}},"8":{"start":{"line":42,"column":29},"end":{"line":42,"column":null}},"9":{"start":{"line":44,"column":8},"end":{"line":46,"column":null}},"10":{"start":{"line":44,"column":24},"end":{"line":46,"column":10}},"11":{"start":{"line":47,"column":23},"end":{"line":47,"column":null}},"12":{"start":{"line":49,"column":8},"end":{"line":51,"column":null}},"13":{"start":{"line":49,"column":24},"end":{"line":51,"column":10}},"14":{"start":{"line":52,"column":42},"end":{"line":52,"column":null}},"15":{"start":{"line":54,"column":8},"end":{"line":56,"column":null}},"16":{"start":{"line":54,"column":24},"end":{"line":56,"column":10}}},"fnMap":{"0":{"name":"(anonymous_0)","decl":{"start":{"line":26,"column":4},"end":{"line":26,"column":5}},"loc":{"start":{"line":26,"column":14},"end":{"line":57,"column":null}},"line":26},"1":{"name":"(anonymous_1)","decl":{"start":{"line":32,"column":25},"end":{"line":32,"column":26}},"loc":{"start":{"line":32,"column":37},"end":{"line":32,"column":null}},"line":32},"2":{"name":"(anonymous_2)","decl":{"start":{"line":33,"column":28},"end":{"line":33,"column":null}},"loc":{"start":{"line":34,"column":8},"end":{"line":36,"column":null}},"line":34},"3":{"name":"(anonymous_3)","decl":{"start":{"line":34,"column":12},"end":{"line":34,"column":13}},"loc":{"start":{"line":34,"column":24},"end":{"line":36,"column":10}},"line":34},"4":{"name":"(anonymous_4)","decl":{"start":{"line":37,"column":16},"end":{"line":37,"column":17}},"loc":{"start":{"line":37,"column":27},"end":{"line":37,"column":null}},"line":37},"5":{"name":"(anonymous_5)","decl":{"start":{"line":38,"column":19},"end":{"line":38,"column":null}},"loc":{"start":{"line":39,"column":8},"end":{"line":41,"column":null}},"line":39},"6":{"name":"(anonymous_6)","decl":{"start":{"line":39,"column":12},"end":{"line":39,"column":13}},"loc":{"start":{"line":39,"column":24},"end":{"line":41,"column":10}},"line":39},"7":{"name":"(anonymous_7)","decl":{"start":{"line":42,"column":17},"end":{"line":42,"column":18}},"loc":{"start":{"line":42,"column":29},"end":{"line":42,"column":null}},"line":42},"8":{"name":"(anonymous_8)","decl":{"start":{"line":43,"column":20},"end":{"line":43,"column":null}},"loc":{"start":{"line":44,"column":8},"end":{"line":46,"column":null}},"line":44},"9":{"name":"(anonymous_9)","decl":{"start":{"line":44,"column":12},"end":{"line":44,"column":13}},"loc":{"start":{"line":44,"column":24},"end":{"line":46,"column":10}},"line":44},"10":{"name":"(anonymous_10)","decl":{"start":{"line":47,"column":14},"end":{"line":47,"column":15}},"loc":{"start":{"line":47,"column":23},"end":{"line":47,"column":null}},"line":47},"11":{"name":"(anonymous_11)","decl":{"start":{"line":48,"column":17},"end":{"line":48,"column":18}},"loc":{"start":{"line":49,"column":8},"end":{"line":51,"column":null}},"line":49},"12":{"name":"(anonymous_12)","decl":{"start":{"line":49,"column":12},"end":{"line":49,"column":13}},"loc":{"start":{"line":49,"column":24},"end":{"line":51,"column":10}},"line":49},"13":{"name":"(anonymous_13)","decl":{"start":{"line":52,"column":27},"end":{"line":52,"column":28}},"loc":{"start":{"line":52,"column":42},"end":{"line":52,"column":null}},"line":52},"14":{"name":"(anonymous_14)","decl":{"start":{"line":53,"column":21},"end":{"line":53,"column":null}},"loc":{"start":{"line":54,"column":8},"end":{"line":56,"column":null}},"line":54},"15":{"name":"(anonymous_15)","decl":{"start":{"line":54,"column":12},"end":{"line":54,"column":13}},"loc":{"start":{"line":54,"column":24},"end":{"line":56,"column":10}},"line":54}},"branchMap":{"0":{"loc":{"start":{"line":35,"column":26},"end":{"line":35,"column":null}},"type":"cond-expr","locations":[{"start":{"line":35,"column":61},"end":{"line":35,"column":73}},{"start":{"line":35,"column":73},"end":{"line":35,"column":null}}],"line":35},"1":{"loc":{"start":{"line":40,"column":17},"end":{"line":40,"column":null}},"type":"cond-expr","locations":[{"start":{"line":40,"column":43},"end":{"line":40,"column":52}},{"start":{"line":40,"column":52},"end":{"line":40,"column":null}}],"line":40}},"s":{"0":8,"1":8,"2":3,"3":4,"4":4,"5":0,"6":0,"7":0,"8":0,"9":0,"10":0,"11":0,"12":0,"13":0,"14":0,"15":0,"16":0},"f":{"0":8,"1":3,"2":4,"3":4,"4":0,"5":0,"6":0,"7":0,"8":0,"9":0,"10":0,"11":0,"12":0,"13":0,"14":0,"15":0},"b":{"0":[2,2],"1":[0,0]},"meta":{"lastBranch":2,"lastFunction":16,"lastStatement":17,"seen":{"s:24:13:62:Infinity":0,"f:26:4:26:5":0,"s:26:14:57:Infinity":1,"f:32:25:32:26":1,"s:32:37:32:Infinity":2,"f:33:28:33:Infinity":2,"s:34:8:36:Infinity":3,"f:34:12:34:13":3,"s:34:24:36:10":4,"b:35:61:35:73:35:73:35:Infinity":0,"f:37:16:37:17":4,"s:37:27:37:Infinity":5,"f:38:19:38:Infinity":5,"s:39:8:41:Infinity":6,"f:39:12:39:13":6,"s:39:24:41:10":7,"b:40:43:40:52:40:52:40:Infinity":1,"f:42:17:42:18":7,"s:42:29:42:Infinity":8,"f:43:20:43:Infinity":8,"s:44:8:46:Infinity":9,"f:44:12:44:13":9,"s:44:24:46:10":10,"f:47:14:47:15":10,"s:47:23:47:Infinity":11,"f:48:17:48:18":11,"s:49:8:51:Infinity":12,"f:49:12:49:13":12,"s:49:24:51:10":13,"f:52:27:52:28":13,"s:52:42:52:Infinity":14,"f:53:21:53:Infinity":14,"s:54:8:56:Infinity":15,"f:54:12:54:13":15,"s:54:24:56:10":16}}}
,"/Users/steve/INFCAP/gsc-animation/music-theory/src/utils/guitar-logic.ts": {"path":"/Users/steve/INFCAP/gsc-animation/music-theory/src/utils/guitar-logic.ts","statementMap":{"0":{"start":{"line":2,"column":14},"end":{"line":2,"column":null}},"1":{"start":{"line":6,"column":29},"end":{"line":6,"column":null}},"2":{"start":{"line":11,"column":25},"end":{"line":18,"column":null}},"3":{"start":{"line":12,"column":16},"end":{"line":12,"column":null}},"4":{"start":{"line":13,"column":2},"end":{"line":13,"column":null}},"5":{"start":{"line":13,"column":14},"end":{"line":13,"column":null}},"6":{"start":{"line":14,"column":2},"end":{"line":17,"column":null}},"7":{"start":{"line":25,"column":33},"end":{"line":41,"column":null}},"8":{"start":{"line":26,"column":2},"end":{"line":26,"column":null}},"9":{"start":{"line":26,"column":62},"end":{"line":26,"column":null}},"10":{"start":{"line":28,"column":22},"end":{"line":28,"column":null}},"11":{"start":{"line":29,"column":19},"end":{"line":29,"column":null}},"12":{"start":{"line":31,"column":2},"end":{"line":31,"column":null}},"13":{"start":{"line":31,"column":17},"end":{"line":31,"column":null}},"14":{"start":{"line":33,"column":20},"end":{"line":33,"column":null}},"15":{"start":{"line":34,"column":2},"end":{"line":34,"column":null}},"16":{"start":{"line":34,"column":24},"end":{"line":34,"column":null}},"17":{"start":{"line":36,"column":25},"end":{"line":36,"column":null}},"18":{"start":{"line":37,"column":23},"end":{"line":37,"column":null}},"19":{"start":{"line":38,"column":22},"end":{"line":38,"column":null}},"20":{"start":{"line":40,"column":2},"end":{"line":40,"column":null}},"21":{"start":{"line":58,"column":40},"end":{"line":66,"column":null}},"22":{"start":{"line":59,"column":17},"end":{"line":59,"column":null}},"23":{"start":{"line":60,"column":2},"end":{"line":60,"column":null}},"24":{"start":{"line":60,"column":15},"end":{"line":60,"column":null}},"25":{"start":{"line":63,"column":24},"end":{"line":63,"column":null}},"26":{"start":{"line":65,"column":2},"end":{"line":65,"column":null}},"27":{"start":{"line":78,"column":40},"end":{"line":89,"column":null}},"28":{"start":{"line":79,"column":17},"end":{"line":79,"column":null}},"29":{"start":{"line":80,"column":2},"end":{"line":80,"column":null}},"30":{"start":{"line":80,"column":15},"end":{"line":80,"column":null}},"31":{"start":{"line":83,"column":25},"end":{"line":83,"column":null}},"32":{"start":{"line":86,"column":2},"end":{"line":86,"column":null}},"33":{"start":{"line":86,"column":26},"end":{"line":86,"column":null}},"34":{"start":{"line":88,"column":2},"end":{"line":88,"column":null}},"35":{"start":{"line":91,"column":35},"end":{"line":111,"column":null}},"36":{"start":{"line":94,"column":66},"end":{"line":94,"column":null}},"37":{"start":{"line":97,"column":17},"end":{"line":97,"column":null}},"38":{"start":{"line":98,"column":2},"end":{"line":98,"column":null}},"39":{"start":{"line":98,"column":15},"end":{"line":98,"column":null}},"40":{"start":{"line":100,"column":2},"end":{"line":108,"column":null}},"41":{"start":{"line":100,"column":25},"end":{"line":100,"column":28}},"42":{"start":{"line":102,"column":4},"end":{"line":107,"column":null}},"43":{"start":{"line":102,"column":20},"end":{"line":102,"column":23}},"44":{"start":{"line":103,"column":24},"end":{"line":103,"column":null}},"45":{"start":{"line":104,"column":6},"end":{"line":106,"column":null}},"46":{"start":{"line":105,"column":8},"end":{"line":105,"column":null}},"47":{"start":{"line":110,"column":2},"end":{"line":110,"column":null}}},"fnMap":{"0":{"name":"(anonymous_0)","decl":{"start":{"line":11,"column":25},"end":{"line":11,"column":26}},"loc":{"start":{"line":11,"column":88},"end":{"line":18,"column":null}},"line":11},"1":{"name":"(anonymous_1)","decl":{"start":{"line":25,"column":33},"end":{"line":25,"column":34}},"loc":{"start":{"line":25,"column":80},"end":{"line":41,"column":null}},"line":25},"2":{"name":"(anonymous_2)","decl":{"start":{"line":58,"column":40},"end":{"line":58,"column":41}},"loc":{"start":{"line":58,"column":81},"end":{"line":66,"column":null}},"line":58},"3":{"name":"(anonymous_3)","decl":{"start":{"line":78,"column":40},"end":{"line":78,"column":41}},"loc":{"start":{"line":78,"column":80},"end":{"line":89,"column":null}},"line":78},"4":{"name":"(anonymous_4)","decl":{"start":{"line":91,"column":35},"end":{"line":91,"column":null}},"loc":{"start":{"line":93,"column":51},"end":{"line":111,"column":null}},"line":93}},"branchMap":{"0":{"loc":{"start":{"line":13,"column":2},"end":{"line":13,"column":null}},"type":"if","locations":[{"start":{"line":13,"column":2},"end":{"line":13,"column":null}},{"start":{},"end":{}}],"line":13},"1":{"loc":{"start":{"line":26,"column":2},"end":{"line":26,"column":null}},"type":"if","locations":[{"start":{"line":26,"column":2},"end":{"line":26,"column":null}},{"start":{},"end":{}}],"line":26},"2":{"loc":{"start":{"line":26,"column":6},"end":{"line":26,"column":62}},"type":"binary-expr","locations":[{"start":{"line":26,"column":6},"end":{"line":26,"column":25}},{"start":{"line":26,"column":25},"end":{"line":26,"column":62}}],"line":26},"3":{"loc":{"start":{"line":31,"column":2},"end":{"line":31,"column":null}},"type":"if","locations":[{"start":{"line":31,"column":2},"end":{"line":31,"column":null}},{"start":{},"end":{}}],"line":31},"4":{"loc":{"start":{"line":34,"column":2},"end":{"line":34,"column":null}},"type":"if","locations":[{"start":{"line":34,"column":2},"end":{"line":34,"column":null}},{"start":{},"end":{}}],"line":34},"5":{"loc":{"start":{"line":60,"column":2},"end":{"line":60,"column":null}},"type":"if","locations":[{"start":{"line":60,"column":2},"end":{"line":60,"column":null}},{"start":{},"end":{}}],"line":60},"6":{"loc":{"start":{"line":80,"column":2},"end":{"line":80,"column":null}},"type":"if","locations":[{"start":{"line":80,"column":2},"end":{"line":80,"column":null}},{"start":{},"end":{}}],"line":80},"7":{"loc":{"start":{"line":86,"column":2},"end":{"line":86,"column":null}},"type":"if","locations":[{"start":{"line":86,"column":2},"end":{"line":86,"column":null}},{"start":{},"end":{}}],"line":86},"8":{"loc":{"start":{"line":98,"column":2},"end":{"line":98,"column":null}},"type":"if","locations":[{"start":{"line":98,"column":2},"end":{"line":98,"column":null}},{"start":{},"end":{}}],"line":98},"9":{"loc":{"start":{"line":104,"column":6},"end":{"line":106,"column":null}},"type":"if","locations":[{"start":{"line":104,"column":6},"end":{"line":106,"column":null}},{"start":{},"end":{}}],"line":104}},"s":{"0":2,"1":2,"2":2,"3":630,"4":630,"5":5,"6":625,"7":2,"8":609,"9":2,"10":607,"11":607,"12":607,"13":0,"14":607,"15":607,"16":0,"17":607,"18":607,"19":607,"20":607,"21":2,"22":7,"23":7,"24":2,"25":5,"26":5,"27":2,"28":11,"29":11,"30":2,"31":9,"32":9,"33":2,"34":7,"35":2,"36":5,"37":5,"38":5,"39":1,"40":4,"41":4,"42":24,"43":24,"44":384,"45":384,"46":12,"47":4},"f":{"0":630,"1":609,"2":7,"3":11,"4":5},"b":{"0":[5,625],"1":[2,607],"2":[609,608],"3":[0,607],"4":[0,607],"5":[2,5],"6":[2,9],"7":[2,7],"8":[1,4],"9":[12,372]},"meta":{"lastBranch":10,"lastFunction":5,"lastStatement":48,"seen":{"s:2:14:2:Infinity":0,"s:6:29:6:Infinity":1,"s:11:25:18:Infinity":2,"f:11:25:11:26":0,"s:12:16:12:Infinity":3,"b:13:2:13:Infinity:undefined:undefined:undefined:undefined":0,"s:13:2:13:Infinity":4,"s:13:14:13:Infinity":5,"s:14:2:17:Infinity":6,"s:25:33:41:Infinity":7,"f:25:33:25:34":1,"b:26:2:26:Infinity:undefined:undefined:undefined:undefined":1,"s:26:2:26:Infinity":8,"b:26:6:26:25:26:25:26:62":2,"s:26:62:26:Infinity":9,"s:28:22:28:Infinity":10,"s:29:19:29:Infinity":11,"b:31:2:31:Infinity:undefined:undefined:undefined:undefined":3,"s:31:2:31:Infinity":12,"s:31:17:31:Infinity":13,"s:33:20:33:Infinity":14,"b:34:2:34:Infinity:undefined:undefined:undefined:undefined":4,"s:34:2:34:Infinity":15,"s:34:24:34:Infinity":16,"s:36:25:36:Infinity":17,"s:37:23:37:Infinity":18,"s:38:22:38:Infinity":19,"s:40:2:40:Infinity":20,"s:58:40:66:Infinity":21,"f:58:40:58:41":2,"s:59:17:59:Infinity":22,"b:60:2:60:Infinity:undefined:undefined:undefined:undefined":5,"s:60:2:60:Infinity":23,"s:60:15:60:Infinity":24,"s:63:24:63:Infinity":25,"s:65:2:65:Infinity":26,"s:78:40:89:Infinity":27,"f:78:40:78:41":3,"s:79:17:79:Infinity":28,"b:80:2:80:Infinity:undefined:undefined:undefined:undefined":6,"s:80:2:80:Infinity":29,"s:80:15:80:Infinity":30,"s:83:25:83:Infinity":31,"b:86:2:86:Infinity:undefined:undefined:undefined:undefined":7,"s:86:2:86:Infinity":32,"s:86:26:86:Infinity":33,"s:88:2:88:Infinity":34,"s:91:35:111:Infinity":35,"f:91:35:91:Infinity":4,"s:94:66:94:Infinity":36,"s:97:17:97:Infinity":37,"b:98:2:98:Infinity:undefined:undefined:undefined:undefined":8,"s:98:2:98:Infinity":38,"s:98:15:98:Infinity":39,"s:100:2:108:Infinity":40,"s:100:25:100:28":41,"s:102:4:107:Infinity":42,"s:102:20:102:23":43,"s:103:24:103:Infinity":44,"b:104:6:106:Infinity:undefined:undefined:undefined:undefined":9,"s:104:6:106:Infinity":45,"s:105:8:105:Infinity":46,"s:110:2:110:Infinity":47}}}
,"/Users/steve/INFCAP/gsc-animation/music-theory/src/utils/music-math.ts": {"path":"/Users/steve/INFCAP/gsc-animation/music-theory/src/utils/music-math.ts","statementMap":{"0":{"start":{"line":1,"column":41},"end":{"line":16,"column":null}},"1":{"start":{"line":2,"column":2},"end":{"line":2,"column":null}},"2":{"start":{"line":2,"column":26},"end":{"line":2,"column":null}},"3":{"start":{"line":4,"column":24},"end":{"line":4,"column":null}},"4":{"start":{"line":5,"column":2},"end":{"line":7,"column":null}},"5":{"start":{"line":6,"column":4},"end":{"line":6,"column":null}},"6":{"start":{"line":10,"column":31},"end":{"line":10,"column":null}},"7":{"start":{"line":11,"column":2},"end":{"line":13,"column":null}},"8":{"start":{"line":11,"column":15},"end":{"line":11,"column":18}},"9":{"start":{"line":12,"column":4},"end":{"line":12,"column":null}},"10":{"start":{"line":15,"column":2},"end":{"line":15,"column":null}}},"fnMap":{"0":{"name":"(anonymous_0)","decl":{"start":{"line":1,"column":41},"end":{"line":1,"column":42}},"loc":{"start":{"line":1,"column":97},"end":{"line":16,"column":null}},"line":1}},"branchMap":{"0":{"loc":{"start":{"line":2,"column":2},"end":{"line":2,"column":null}},"type":"if","locations":[{"start":{"line":2,"column":2},"end":{"line":2,"column":null}},{"start":{},"end":{}}],"line":2},"1":{"loc":{"start":{"line":5,"column":2},"end":{"line":7,"column":null}},"type":"if","locations":[{"start":{"line":5,"column":2},"end":{"line":7,"column":null}},{"start":{},"end":{}}],"line":5}},"s":{"0":3,"1":20,"2":2,"3":18,"4":18,"5":4,"6":18,"7":18,"8":18,"9":25,"10":18},"f":{"0":20},"b":{"0":[2,18],"1":[4,14]},"meta":{"lastBranch":2,"lastFunction":1,"lastStatement":11,"seen":{"s:1:41:16:Infinity":0,"f:1:41:1:42":0,"b:2:2:2:Infinity:undefined:undefined:undefined:undefined":0,"s:2:2:2:Infinity":1,"s:2:26:2:Infinity":2,"s:4:24:4:Infinity":3,"b:5:2:7:Infinity:undefined:undefined:undefined:undefined":1,"s:5:2:7:Infinity":4,"s:6:4:6:Infinity":5,"s:10:31:10:Infinity":6,"s:11:2:13:Infinity":7,"s:11:15:11:18":8,"s:12:4:12:Infinity":9,"s:15:2:15:Infinity":10}}}
,"/Users/steve/INFCAP/gsc-animation/music-theory/src/utils/note-labels.ts": {"path":"/Users/steve/INFCAP/gsc-animation/music-theory/src/utils/note-labels.ts","statementMap":{"0":{"start":{"line":3,"column":43},"end":{"line":11,"column":null}},"1":{"start":{"line":18,"column":2},"end":{"line":20,"column":null}},"2":{"start":{"line":19,"column":4},"end":{"line":19,"column":null}},"3":{"start":{"line":27,"column":16},"end":{"line":27,"column":null}},"4":{"start":{"line":29,"column":2},"end":{"line":31,"column":null}},"5":{"start":{"line":30,"column":4},"end":{"line":30,"column":null}},"6":{"start":{"line":33,"column":17},"end":{"line":33,"column":null}},"7":{"start":{"line":34,"column":21},"end":{"line":34,"column":null}},"8":{"start":{"line":35,"column":17},"end":{"line":35,"column":null}},"9":{"start":{"line":37,"column":22},"end":{"line":37,"column":null}},"10":{"start":{"line":39,"column":2},"end":{"line":41,"column":null}},"11":{"start":{"line":40,"column":4},"end":{"line":40,"column":null}},"12":{"start":{"line":43,"column":2},"end":{"line":43,"column":null}}},"fnMap":{"0":{"name":"getNoteLabel","decl":{"start":{"line":17,"column":16},"end":{"line":17,"column":29}},"loc":{"start":{"line":17,"column":75},"end":{"line":44,"column":null}},"line":17}},"branchMap":{"0":{"loc":{"start":{"line":18,"column":2},"end":{"line":20,"column":null}},"type":"if","locations":[{"start":{"line":18,"column":2},"end":{"line":20,"column":null}},{"start":{},"end":{}}],"line":18},"1":{"loc":{"start":{"line":18,"column":6},"end":{"line":18,"column":35}},"type":"binary-expr","locations":[{"start":{"line":18,"column":6},"end":{"line":18,"column":28}},{"start":{"line":18,"column":28},"end":{"line":18,"column":35}}],"line":18},"2":{"loc":{"start":{"line":29,"column":2},"end":{"line":31,"column":null}},"type":"if","locations":[{"start":{"line":29,"column":2},"end":{"line":31,"column":null}},{"start":{},"end":{}}],"line":29},"3":{"loc":{"start":{"line":34,"column":21},"end":{"line":34,"column":null}},"type":"binary-expr","locations":[{"start":{"line":34,"column":21},"end":{"line":34,"column":33}},{"start":{"line":34,"column":33},"end":{"line":34,"column":null}}],"line":34},"4":{"loc":{"start":{"line":35,"column":17},"end":{"line":35,"column":null}},"type":"binary-expr","locations":[{"start":{"line":35,"column":17},"end":{"line":35,"column":29}},{"start":{"line":35,"column":29},"end":{"line":35,"column":null}}],"line":35},"5":{"loc":{"start":{"line":39,"column":2},"end":{"line":41,"column":null}},"type":"if","locations":[{"start":{"line":39,"column":2},"end":{"line":41,"column":null}},{"start":{},"end":{}}],"line":39}},"s":{"0":5,"1":111,"2":96,"3":15,"4":15,"5":1,"6":14,"7":14,"8":111,"9":111,"10":111,"11":14,"12":0},"f":{"0":111},"b":{"0":[96,15],"1":[111,16],"2":[1,14],"3":[14,11],"4":[111,9],"5":[14,97]},"meta":{"lastBranch":6,"lastFunction":1,"lastStatement":13,"seen":{"s:3:43:11:Infinity":0,"f:17:16:17:29":0,"b:18:2:20:Infinity:undefined:undefined:undefined:undefined":0,"s:18:2:20:Infinity":1,"b:18:6:18:28:18:28:18:35":1,"s:19:4:19:Infinity":2,"s:27:16:27:Infinity":3,"b:29:2:31:Infinity:undefined:undefined:undefined:undefined":2,"s:29:2:31:Infinity":4,"s:30:4:30:Infinity":5,"s:33:17:33:Infinity":6,"s:34:21:34:Infinity":7,"b:34:21:34:33:34:33:34:Infinity":3,"s:35:17:35:Infinity":8,"b:35:17:35:29:35:29:35:Infinity":4,"s:37:22:37:Infinity":9,"b:39:2:41:Infinity:undefined:undefined:undefined:undefined":5,"s:39:2:41:Infinity":10,"s:40:4:40:Infinity":11,"s:43:2:43:Infinity":12}}}
}
