TN:
SF:src/components/GameLoop/FeedbackOverlay.tsx
FN:5,(anonymous_0)
FN:6,(anonymous_1)
FN:11,(anonymous_2)
FN:25,(anonymous_3)
FN:28,(anonymous_4)
FN:29,(anonymous_5)
FN:29,(anonymous_6)
FN:37,(anonymous_7)
FNF:8
FNH:0
FNDA:0,(anonymous_0)
FNDA:0,(anonymous_1)
FNDA:0,(anonymous_2)
FNDA:0,(anonymous_3)
FNDA:0,(anonymous_4)
FNDA:0,(anonymous_5)
FNDA:0,(anonymous_6)
FNDA:0,(anonymous_7)
DA:5,2
DA:6,0
DA:7,0
DA:11,0
DA:12,0
DA:13,0
DA:14,0
DA:15,0
DA:21,0
DA:23,0
DA:25,0
DA:28,0
DA:29,0
DA:34,0
DA:38,0
LF:15
LH:1
BRDA:12,0,0,0
BRDA:12,0,1,0
BRDA:15,1,0,0
BRDA:15,1,1,0
BRDA:15,2,0,0
BRDA:15,2,1,0
BRDA:17,3,0,0
BRDA:17,3,1,0
BRDA:17,3,2,0
BRDA:23,4,0,0
BRDA:23,4,1,0
BRF:11
BRH:0
end_of_record
TN:
SF:src/components/GameLoop/PlayButton.tsx
FN:11,(anonymous_0)
FN:14,(anonymous_1)
FN:29,(anonymous_2)
FN:30,(anonymous_3)
FNF:4
FNH:4
FNDA:4,(anonymous_0)
FNDA:2,(anonymous_1)
FNDA:2,(anonymous_2)
FNDA:2,(anonymous_3)
DA:11,1
DA:12,4
DA:14,4
DA:15,2
DA:16,1
DA:17,1
DA:19,1
DA:22,1
DA:23,1
DA:29,4
DA:30,2
DA:31,2
DA:32,0
DA:37,4
LF:14
LH:13
BRDA:15,0,0,1
BRDA:15,0,1,1
BRDA:19,1,0,1
BRDA:19,1,1,0
BRDA:31,2,0,0
BRDA:31,2,1,2
BRDA:42,3,0,1
BRDA:42,3,1,3
BRDA:48,4,0,1
BRDA:48,4,1,3
BRF:10
BRH:8
end_of_record
TN:
SF:src/components/MusicStaff/AbcScore.tsx
FN:12,(anonymous_0)
FN:16,(anonymous_1)
FN:29,(anonymous_2)
FN:34,(anonymous_3)
FN:37,(anonymous_4)
FN:38,(anonymous_5)
FN:52,(anonymous_6)
FN:54,(anonymous_7)
FN:75,(anonymous_8)
FN:82,(anonymous_9)
FN:91,(anonymous_10)
FN:92,(anonymous_11)
FN:95,(anonymous_12)
FN:100,(anonymous_13)
FN:108,(anonymous_14)
FN:127,(anonymous_15)
FN:139,(anonymous_16)
FN:142,(anonymous_17)
FN:143,(anonymous_18)
FN:145,(anonymous_19)
FNF:20
FNH:9
FNDA:6,(anonymous_0)
FNDA:0,(anonymous_1)
FNDA:0,(anonymous_2)
FNDA:0,(anonymous_3)
FNDA:0,(anonymous_4)
FNDA:0,(anonymous_5)
FNDA:0,(anonymous_6)
FNDA:0,(anonymous_7)
FNDA:6,(anonymous_8)
FNDA:6,(anonymous_9)
FNDA:6,(anonymous_10)
FNDA:6,(anonymous_11)
FNDA:6,(anonymous_12)
FNDA:6,(anonymous_13)
FNDA:6,(anonymous_14)
FNDA:6,(anonymous_15)
FNDA:0,(anonymous_16)
FNDA:0,(anonymous_17)
FNDA:0,(anonymous_18)
FNDA:0,(anonymous_19)
DA:9,6
DA:13,6
DA:17,0
DA:18,0
DA:20,0
DA:21,0
DA:22,0
DA:23,0
DA:24,0
DA:25,0
DA:26,0
DA:30,0
DA:33,0
DA:34,0
DA:37,0
DA:38,0
DA:39,0
DA:44,0
DA:45,0
DA:46,0
DA:47,0
DA:48,0
DA:53,0
DA:54,0
DA:56,0
DA:57,0
DA:58,0
DA:59,0
DA:60,0
DA:75,1
DA:82,6
DA:85,6
DA:86,6
DA:87,6
DA:88,6
DA:91,6
DA:92,6
DA:95,6
DA:96,6
DA:97,6
DA:98,6
DA:100,6
DA:101,6
DA:102,6
DA:103,6
DA:108,6
DA:109,6
DA:111,0
DA:123,0
DA:127,6
DA:128,6
DA:130,6
DA:131,6
DA:136,6
DA:137,0
DA:140,0
DA:142,0
DA:143,0
DA:145,0
DA:148,0
DA:152,6
LF:61
LH:26
BRDA:18,0,0,0
BRDA:18,0,1,0
BRDA:30,1,0,0
BRDA:30,1,1,0
BRDA:30,2,0,0
BRDA:30,2,1,0
BRDA:44,3,0,0
BRDA:44,3,1,0
BRDA:44,4,0,0
BRDA:44,4,1,0
BRDA:44,4,2,0
BRDA:44,4,3,0
BRDA:56,5,0,0
BRDA:56,5,1,0
BRDA:77,6,0,6
BRDA:78,7,0,6
BRDA:79,8,0,6
BRDA:109,9,0,6
BRDA:109,9,1,0
BRDA:109,10,0,6
BRDA:109,10,1,0
BRDA:109,10,2,0
BRDA:128,11,0,0
BRDA:128,11,1,6
BRDA:136,12,0,0
BRDA:136,12,1,6
BRDA:136,13,0,6
BRDA:136,13,1,0
BRDA:136,13,2,0
BRDA:136,13,3,0
BRDA:157,14,0,0
BRDA:157,14,1,6
BRDA:160,15,0,6
BRDA:160,15,1,0
BRF:34
BRH:10
end_of_record
TN:
SF:src/components/MusicStaff/MusicStaff.tsx
FN:17,(anonymous_0)
FN:30,(anonymous_1)
FN:39,(anonymous_2)
FN:44,(anonymous_3)
FN:53,(anonymous_4)
FN:59,(anonymous_5)
FN:95,(anonymous_6)
FNF:7
FNH:5
FNDA:6,(anonymous_0)
FNDA:5,(anonymous_1)
FNDA:0,(anonymous_2)
FNDA:0,(anonymous_3)
FNDA:4,(anonymous_4)
FNDA:6,(anonymous_5)
FNDA:6,(anonymous_6)
DA:16,1
DA:26,6
DA:27,6
DA:28,6
DA:30,6
DA:31,5
DA:32,1
DA:33,1
DA:36,4
DA:39,4
DA:40,0
DA:41,0
DA:43,0
DA:44,0
DA:45,0
DA:51,4
DA:53,4
DA:54,4
DA:55,4
DA:59,6
DA:60,6
DA:63,6
DA:65,6
DA:70,6
DA:71,6
DA:73,6
DA:76,6
DA:79,0
DA:82,0
DA:83,0
DA:87,6
DA:88,0
DA:92,6
DA:94,6
DA:95,6
DA:97,6
DA:99,6
DA:100,6
DA:103,6
DA:106,6
DA:107,6
DA:111,6
DA:114,6
DA:117,6
DA:120,6
DA:125,6
DA:127,6
DA:129,6
DA:132,0
DA:136,6
LF:50
LH:40
BRDA:19,0,0,6
BRDA:20,1,0,6
BRDA:28,2,0,6
BRDA:28,2,1,5
BRDA:31,3,0,1
BRDA:31,3,1,4
BRDA:36,4,0,0
BRDA:36,4,1,4
BRDA:41,5,0,0
BRDA:41,5,1,0
BRDA:60,6,0,0
BRDA:60,6,1,6
BRDA:76,7,0,0
BRDA:76,7,1,6
BRDA:87,8,0,0
BRDA:87,8,1,6
BRDA:97,9,0,0
BRDA:97,9,1,6
BRDA:106,10,0,6
BRDA:106,10,1,0
BRDA:125,11,0,6
BRDA:125,11,1,0
BRDA:149,12,0,6
BRDA:149,12,1,1
BRF:24
BRH:15
end_of_record
TN:
SF:src/components/VirtualGuitar/VirtualGuitar.tsx
FN:35,(anonymous_0)
FN:41,(anonymous_1)
FN:46,(anonymous_2)
FN:48,(anonymous_3)
FN:53,(anonymous_4)
FN:64,(anonymous_5)
FN:111,(anonymous_6)
FN:124,(anonymous_7)
FN:136,(anonymous_8)
FN:149,(anonymous_9)
FN:150,(anonymous_10)
FN:160,(anonymous_11)
FNF:12
FNH:10
FNDA:4,(anonymous_0)
FNDA:12,(anonymous_1)
FNDA:4,(anonymous_2)
FNDA:1,(anonymous_3)
FNDA:2,(anonymous_4)
FNDA:0,(anonymous_5)
FNDA:36,(anonymous_6)
FNDA:12,(anonymous_7)
FNDA:24,(anonymous_8)
FNDA:24,(anonymous_9)
FNDA:216,(anonymous_10)
FNDA:0,(anonymous_11)
DA:24,1
DA:26,1
DA:27,1
DA:28,1
DA:29,1
DA:30,1
DA:31,1
DA:32,1
DA:33,1
DA:35,1
DA:41,12
DA:46,4
DA:47,4
DA:48,4
DA:50,1
DA:51,1
DA:52,1
DA:53,1
DA:55,2
DA:56,2
DA:61,4
DA:64,4
DA:66,0
DA:67,0
DA:70,0
DA:71,0
DA:72,0
DA:78,4
DA:80,4
DA:112,36
DA:125,12
DA:137,24
DA:150,24
DA:151,216
DA:153,216
DA:154,216
DA:155,216
DA:157,216
DA:161,0
DA:162,0
LF:40
LH:33
BRDA:36,0,0,4
BRDA:38,1,0,4
BRDA:51,2,0,1
BRDA:51,2,1,0
BRDA:55,3,0,2
BRDA:55,3,1,0
BRDA:67,4,0,0
BRDA:67,4,1,0
BRDA:71,5,0,0
BRDA:71,5,1,0
BRDA:119,6,0,4
BRDA:119,6,1,32
BRDA:153,7,0,24
BRDA:153,7,1,192
BRDA:169,8,0,24
BRDA:169,8,1,192
BRDA:176,9,0,216
BRDA:176,9,1,2
BRDA:185,10,0,216
BRDA:185,10,1,214
BRDA:185,10,2,214
BRDA:185,10,3,26
BRDA:196,11,0,2
BRDA:196,11,1,24
BRDA:200,12,0,26
BRDA:200,12,1,0
BRF:26
BRH:19
end_of_record
TN:
SF:src/components/VirtualPiano/PianoKey.tsx
FN:18,(anonymous_0)
FN:30,(anonymous_1)
FN:39,(anonymous_2)
FN:46,(anonymous_3)
FN:54,(anonymous_4)
FN:61,(anonymous_5)
FN:66,(anonymous_6)
FN:73,(anonymous_7)
FN:80,(anonymous_8)
FN:81,(anonymous_9)
FN:88,(anonymous_10)
FNF:11
FNH:10
FNDA:66,(anonymous_0)
FNDA:199,(anonymous_1)
FNDA:60,(anonymous_2)
FNDA:5,(anonymous_3)
FNDA:2,(anonymous_4)
FNDA:1,(anonymous_5)
FNDA:1,(anonymous_6)
FNDA:0,(anonymous_7)
FNDA:55,(anonymous_8)
FNDA:55,(anonymous_9)
FNDA:66,(anonymous_10)
DA:18,2
DA:28,66
DA:29,66
DA:30,199
DA:31,66
DA:33,66
DA:34,66
DA:37,66
DA:39,66
DA:40,60
DA:41,3
DA:42,3
DA:46,66
DA:47,5
DA:48,5
DA:49,5
DA:50,5
DA:51,5
DA:54,66
DA:55,2
DA:56,2
DA:57,2
DA:58,2
DA:61,2
DA:62,1
DA:66,66
DA:67,1
DA:69,1
DA:70,1
DA:71,1
DA:73,1
DA:74,0
DA:80,66
DA:81,55
DA:85,66
DA:88,66
DA:89,66
DA:90,66
DA:91,66
DA:92,58
DA:95,66
DA:98,66
DA:102,66
DA:104,66
LF:44
LH:43
BRDA:22,0,0,66
BRDA:23,1,0,66
BRDA:24,2,0,66
BRDA:34,3,0,32
BRDA:34,3,1,34
BRDA:37,4,0,66
BRDA:37,4,1,58
BRDA:40,5,0,3
BRDA:40,5,1,57
BRDA:56,6,0,2
BRDA:56,6,1,0
BRDA:69,7,0,1
BRDA:69,7,1,0
BRDA:89,8,0,0
BRDA:89,8,1,66
BRDA:90,9,0,0
BRDA:90,9,1,66
BRDA:91,10,0,8
BRDA:91,10,1,58
BRDA:92,11,0,37
BRDA:92,11,1,21
BRDA:98,12,0,45
BRDA:98,12,1,21
BRDA:102,13,0,8
BRDA:102,13,1,58
BRDA:114,14,0,66
BRDA:114,14,1,32
BRF:27
BRH:23
end_of_record
TN:
SF:src/components/VirtualPiano/VirtualPiano.tsx
FN:33,(anonymous_0)
FN:43,(anonymous_1)
FN:46,(anonymous_2)
FN:47,(anonymous_3)
FN:49,(anonymous_4)
FN:50,(anonymous_5)
FN:60,(anonymous_6)
FN:84,(anonymous_7)
FN:122,(anonymous_8)
FNF:9
FNH:9
FNDA:4,(anonymous_0)
FNDA:4,(anonymous_1)
FNDA:48,(anonymous_2)
FNDA:28,(anonymous_3)
FNDA:48,(anonymous_4)
FNDA:20,(anonymous_5)
FNDA:28,(anonymous_6)
FNDA:20,(anonymous_7)
FNDA:4,(anonymous_8)
DA:18,1
DA:33,1
DA:43,4
DA:44,4
DA:46,48
DA:47,28
DA:49,48
DA:50,20
DA:53,4
DA:61,28
DA:62,28
DA:63,28
DA:85,20
DA:87,20
DA:88,20
DA:89,20
DA:90,20
DA:91,20
DA:92,20
DA:94,20
DA:116,4
DA:122,4
LF:22
LH:22
BRDA:34,0,0,4
BRDA:35,1,0,4
BRDA:36,2,0,4
BRDA:40,3,0,4
BRDA:41,4,0,4
BRDA:62,5,0,28
BRDA:62,5,1,0
BRDA:76,6,0,28
BRDA:76,6,1,0
BRDA:76,6,2,0
BRDA:88,7,0,4
BRDA:88,7,1,16
BRDA:89,8,0,4
BRDA:89,8,1,16
BRDA:90,9,0,4
BRDA:90,9,1,16
BRDA:91,10,0,4
BRDA:91,10,1,16
BRDA:92,11,0,4
BRDA:92,11,1,16
BRF:20
BRH:17
end_of_record
TN:
SF:src/components/layout/MainHeader.tsx
FN:12,(anonymous_0)
FN:13,(anonymous_1)
FN:14,(anonymous_2)
FN:15,(anonymous_3)
FN:16,(anonymous_4)
FN:17,(anonymous_5)
FN:18,(anonymous_6)
FN:19,(anonymous_7)
FN:20,(anonymous_8)
FN:21,(anonymous_9)
FN:50,(anonymous_10)
FN:63,(anonymous_11)
FNF:12
FNH:0
FNDA:0,(anonymous_0)
FNDA:0,(anonymous_1)
FNDA:0,(anonymous_2)
FNDA:0,(anonymous_3)
FNDA:0,(anonymous_4)
FNDA:0,(anonymous_5)
FNDA:0,(anonymous_6)
FNDA:0,(anonymous_7)
FNDA:0,(anonymous_8)
FNDA:0,(anonymous_9)
FNDA:0,(anonymous_10)
FNDA:0,(anonymous_11)
DA:12,2
DA:13,0
DA:14,0
DA:15,0
DA:16,0
DA:17,0
DA:18,0
DA:19,0
DA:20,0
DA:21,0
DA:23,0
DA:50,0
DA:63,0
LF:13
LH:1
BRDA:36,0,0,0
BRDA:36,0,1,0
BRDA:78,1,0,0
BRDA:78,1,1,0
BRDA:78,2,0,0
BRDA:78,2,1,0
BRF:6
BRH:0
end_of_record
TN:
SF:src/components/layout/MainLayout.tsx
FN:7,(anonymous_0)
FNF:1
FNH:1
FNDA:1,(anonymous_0)
DA:7,1
DA:8,1
LF:2
LH:2
BRF:0
BRH:0
end_of_record
TN:
SF:src/components/layout/Sidebar.tsx
FN:27,(anonymous_0)
FN:42,(anonymous_1)
FN:54,(anonymous_2)
FN:55,(anonymous_3)
FN:56,(anonymous_4)
FN:58,(anonymous_5)
FN:59,(anonymous_6)
FN:64,(anonymous_7)
FN:65,(anonymous_8)
FN:66,(anonymous_9)
FN:70,(anonymous_10)
FN:75,(anonymous_11)
FN:79,(anonymous_12)
FN:83,(anonymous_13)
FN:110,(anonymous_14)
FN:120,(anonymous_15)
FN:156,(anonymous_16)
FN:160,(anonymous_17)
FN:205,(anonymous_18)
FN:224,(anonymous_19)
FN:271,(anonymous_20)
FN:278,(anonymous_21)
FNF:22
FNH:0
FNDA:0,(anonymous_0)
FNDA:0,(anonymous_1)
FNDA:0,(anonymous_2)
FNDA:0,(anonymous_3)
FNDA:0,(anonymous_4)
FNDA:0,(anonymous_5)
FNDA:0,(anonymous_6)
FNDA:0,(anonymous_7)
FNDA:0,(anonymous_8)
FNDA:0,(anonymous_9)
FNDA:0,(anonymous_10)
FNDA:0,(anonymous_11)
FNDA:0,(anonymous_12)
FNDA:0,(anonymous_13)
FNDA:0,(anonymous_14)
FNDA:0,(anonymous_15)
FNDA:0,(anonymous_16)
FNDA:0,(anonymous_17)
FNDA:0,(anonymous_18)
FNDA:0,(anonymous_19)
FNDA:0,(anonymous_20)
FNDA:0,(anonymous_21)
DA:18,2
DA:27,2
DA:28,0
DA:42,2
DA:43,0
DA:44,0
DA:52,0
DA:54,0
DA:55,0
DA:56,0
DA:58,0
DA:59,0
DA:62,0
DA:64,0
DA:65,0
DA:66,0
DA:70,0
DA:71,0
DA:72,0
DA:75,0
DA:76,0
DA:79,0
DA:80,0
DA:83,0
DA:84,0
DA:85,0
DA:87,0
DA:91,0
DA:93,0
DA:110,0
DA:120,0
DA:158,0
DA:161,0
DA:163,0
DA:164,0
DA:165,0
DA:168,0
DA:206,0
DA:207,0
DA:208,0
DA:210,0
DA:225,0
DA:226,0
DA:272,0
DA:273,0
DA:275,0
DA:279,0
DA:280,0
DA:339,0
LF:49
LH:3
BRDA:66,0,0,0
BRDA:66,0,1,0
BRDA:76,1,0,0
BRDA:76,1,1,0
BRDA:84,2,0,0
BRDA:84,2,1,0
BRDA:85,3,0,0
BRDA:85,3,1,0
BRDA:91,4,0,0
BRDA:91,4,1,0
BRDA:96,5,0,0
BRDA:96,5,1,0
BRDA:105,6,0,0
BRDA:105,6,1,0
BRDA:109,7,0,0
BRDA:109,7,1,0
BRDA:118,8,0,0
BRDA:118,8,1,0
BRDA:126,9,0,0
BRDA:126,9,1,0
BRDA:141,10,0,0
BRDA:141,10,1,0
BRDA:161,11,0,0
BRDA:161,11,1,0
BRDA:164,12,0,0
BRDA:164,12,1,0
BRDA:172,13,0,0
BRDA:172,13,1,0
BRDA:174,14,0,0
BRDA:174,14,1,0
BRDA:182,15,0,0
BRDA:182,15,1,0
BRDA:188,16,0,0
BRDA:188,16,1,0
BRDA:189,17,0,0
BRDA:189,17,1,0
BRDA:193,18,0,0
BRDA:193,18,1,0
BRDA:193,18,2,0
BRDA:195,19,0,0
BRDA:195,19,1,0
BRDA:203,20,0,0
BRDA:203,20,1,0
BRDA:203,20,2,0
BRDA:203,20,3,0
BRDA:216,21,0,0
BRDA:216,21,1,0
BRDA:234,22,0,0
BRDA:234,22,1,0
BRDA:245,23,0,0
BRDA:245,23,1,0
BRDA:260,24,0,0
BRDA:260,24,1,0
BRDA:261,25,0,0
BRDA:261,25,1,0
BRDA:269,26,0,0
BRDA:269,26,1,0
BRDA:285,27,0,0
BRDA:285,27,1,0
BRDA:296,28,0,0
BRDA:296,28,1,0
BRDA:298,29,0,0
BRDA:298,29,1,0
BRDA:304,30,0,0
BRDA:304,30,1,0
BRDA:307,31,0,0
BRDA:307,31,1,0
BRDA:309,32,0,0
BRDA:309,32,1,0
BRDA:319,33,0,0
BRDA:319,33,1,0
BRDA:339,34,0,0
BRDA:339,34,1,0
BRDA:351,35,0,0
BRDA:351,35,1,0
BRDA:352,36,0,0
BRDA:352,36,1,0
BRDA:354,37,0,0
BRDA:354,37,1,0
BRDA:358,38,0,0
BRDA:358,38,1,0
BRDA:365,39,0,0
BRDA:365,39,1,0
BRDA:371,40,0,0
BRDA:371,40,1,0
BRDA:375,41,0,0
BRDA:375,41,1,0
BRDA:382,42,0,0
BRDA:382,42,1,0
BRDA:384,43,0,0
BRDA:384,43,1,0
BRDA:395,44,0,0
BRDA:395,44,1,0
BRDA:396,45,0,0
BRDA:396,45,1,0
BRF:95
BRH:0
end_of_record
TN:
SF:src/components/ui/CollapsiblePanel.tsx
FN:27,(anonymous_0)
FN:39,(anonymous_1)
FN:49,(anonymous_2)
FN:53,(anonymous_3)
FN:84,(anonymous_4)
FNF:5
FNH:0
FNDA:0,(anonymous_0)
FNDA:0,(anonymous_1)
FNDA:0,(anonymous_2)
FNDA:0,(anonymous_3)
FNDA:0,(anonymous_4)
DA:20,2
DA:27,2
DA:36,0
DA:39,0
DA:40,0
DA:41,0
DA:42,0
DA:43,0
DA:45,0
DA:49,0
DA:50,0
DA:53,0
DA:54,0
DA:57,0
DA:84,0
LF:15
LH:2
BRDA:30,0,0,0
BRDA:32,1,0,0
BRDA:36,2,0,0
BRDA:36,2,1,0
BRDA:40,3,0,0
BRDA:40,3,1,0
BRDA:42,4,0,0
BRDA:42,4,1,0
BRDA:75,5,0,0
BRDA:75,5,1,0
BRDA:83,6,0,0
BRDA:83,6,1,0
BRF:12
BRH:0
end_of_record
TN:
SF:src/components/ui/ConfettiExplosion.tsx
FN:10,(anonymous_0)
FN:21,(anonymous_1)
FN:24,(anonymous_2)
FN:26,(anonymous_3)
FN:32,(anonymous_4)
FNF:5
FNH:0
FNDA:0,(anonymous_0)
FNDA:0,(anonymous_1)
FNDA:0,(anonymous_2)
FNDA:0,(anonymous_3)
FNDA:0,(anonymous_4)
DA:10,2
DA:16,0
DA:21,0
DA:24,0
DA:25,0
DA:26,0
DA:27,0
DA:31,0
DA:32,0
DA:33,0
DA:34,0
DA:38,0
DA:40,0
LF:13
LH:1
BRDA:12,0,0,0
BRDA:38,1,0,0
BRDA:38,1,1,0
BRF:3
BRH:0
end_of_record
TN:
SF:src/components/ui/FeedbackEffects.tsx
FN:10,(anonymous_0)
FN:13,(anonymous_1)
FN:16,(anonymous_2)
FN:17,(anonymous_3)
FNF:4
FNH:4
FNDA:8,(anonymous_0)
FNDA:4,(anonymous_1)
FNDA:1,(anonymous_2)
FNDA:3,(anonymous_3)
DA:10,1
DA:11,8
DA:13,8
DA:14,4
DA:15,3
DA:16,3
DA:17,3
DA:21,8
LF:8
LH:8
BRDA:14,0,0,3
BRDA:14,0,1,1
BRDA:23,1,0,8
BRDA:23,1,1,3
BRDA:23,1,2,3
BRDA:30,2,0,2
BRDA:30,2,1,1
BRDA:33,3,0,3
BRDA:33,3,1,2
BRDA:41,4,0,8
BRDA:41,4,1,3
BRDA:41,4,2,1
BRF:12
BRH:12
end_of_record
TN:
SF:src/components/ui/NotationToggle.tsx
FN:5,(anonymous_0)
FNF:1
FNH:1
FNDA:7,(anonymous_0)
DA:5,1
DA:6,7
DA:8,7
LF:3
LH:3
BRDA:12,0,0,5
BRDA:12,0,1,2
BRDA:15,1,0,5
BRDA:15,1,1,2
BRDA:19,2,0,2
BRDA:19,2,1,5
BRF:6
BRH:6
end_of_record
TN:
SF:src/components/ui/ProgressRing.tsx
FN:14,(anonymous_0)
FNF:1
FNH:0
FNDA:0,(anonymous_0)
DA:14,2
DA:21,0
DA:22,0
DA:23,0
DA:25,0
LF:5
LH:1
BRDA:16,0,0,0
BRDA:17,1,0,0
BRDA:19,2,0,0
BRDA:55,3,0,0
BRDA:55,3,1,0
BRF:5
BRH:0
end_of_record
TN:
SF:src/components/ui/TimeSignatureSelector.tsx
FN:4,(anonymous_0)
FN:5,(anonymous_1)
FN:6,(anonymous_2)
FN:12,(anonymous_3)
FN:15,(anonymous_4)
FNF:5
FNH:5
FNDA:3,(anonymous_0)
FNDA:3,(anonymous_1)
FNDA:3,(anonymous_2)
FNDA:6,(anonymous_3)
FNDA:1,(anonymous_4)
DA:4,1
DA:5,3
DA:6,3
DA:8,3
DA:10,3
DA:13,6
DA:15,1
LF:7
LH:7
BRDA:17,0,0,3
BRDA:17,0,1,3
BRF:2
BRH:2
end_of_record
TN:
SF:src/constants/app-strings.ts
FNF:0
FNH:0
DA:1,4
LF:1
LH:1
BRF:0
BRH:0
end_of_record
TN:
SF:src/data/course-data/index.ts
FN:24,(anonymous_0)
FN:25,(anonymous_1)
FN:29,(anonymous_2)
FN:31,(anonymous_3)
FN:38,(anonymous_4)
FN:39,(anonymous_5)
FN:43,(anonymous_6)
FN:44,(anonymous_7)
FN:45,(anonymous_8)
FN:50,(anonymous_9)
FN:51,(anonymous_10)
FN:52,(anonymous_11)
FNF:12
FNH:0
FNDA:0,(anonymous_0)
FNDA:0,(anonymous_1)
FNDA:0,(anonymous_2)
FNDA:0,(anonymous_3)
FNDA:0,(anonymous_4)
FNDA:0,(anonymous_5)
FNDA:0,(anonymous_6)
FNDA:0,(anonymous_7)
FNDA:0,(anonymous_8)
FNDA:0,(anonymous_9)
FNDA:0,(anonymous_10)
FNDA:0,(anonymous_11)
DA:21,2
DA:24,2
DA:25,0
DA:29,2
DA:30,0
DA:31,0
DA:32,0
DA:34,0
DA:38,2
DA:39,0
DA:43,2
DA:44,0
DA:45,0
DA:46,0
DA:50,2
DA:51,0
DA:52,0
DA:53,0
LF:18
LH:6
BRDA:32,0,0,0
BRDA:32,0,1,0
BRDA:53,1,0,0
BRDA:53,1,1,0
BRF:4
BRH:0
end_of_record
TN:
SF:src/data/course-data/module-1/1.1-staff-clefs.ts
FNF:0
FNH:0
DA:15,2
LF:1
LH:1
BRF:0
BRH:0
end_of_record
TN:
SF:src/data/course-data/module-1/1.2-note-names.ts
FNF:0
FNH:0
DA:17,2
LF:1
LH:1
BRF:0
BRH:0
end_of_record
TN:
SF:src/data/course-data/module-1/1.3-accidentals.ts
FNF:0
FNH:0
DA:17,2
LF:1
LH:1
BRF:0
BRH:0
end_of_record
TN:
SF:src/data/course-data/module-1/1.4-tones-semitones.ts
FNF:0
FNH:0
DA:14,2
LF:1
LH:1
BRF:0
BRH:0
end_of_record
TN:
SF:src/data/course-data/module-1/1.5-enharmonic.ts
FNF:0
FNH:0
DA:14,2
LF:1
LH:1
BRF:0
BRH:0
end_of_record
TN:
SF:src/data/course-data/module-1/index.ts
FNF:0
FNH:0
DA:11,2
LF:1
LH:1
BRF:0
BRH:0
end_of_record
TN:
SF:src/data/course-data/module-2/2.1-note-values.ts
FNF:0
FNH:0
DA:14,2
LF:1
LH:1
BRF:0
BRH:0
end_of_record
TN:
SF:src/data/course-data/module-2/2.2-rests.ts
FNF:0
FNH:0
DA:14,2
LF:1
LH:1
BRF:0
BRH:0
end_of_record
TN:
SF:src/data/course-data/module-2/2.3-dotted-notes.ts
FNF:0
FNH:0
DA:14,2
LF:1
LH:1
BRF:0
BRH:0
end_of_record
TN:
SF:src/data/course-data/module-2/2.4-time-signatures.ts
FNF:0
FNH:0
DA:14,2
LF:1
LH:1
BRF:0
BRH:0
end_of_record
TN:
SF:src/data/course-data/module-2/2.5-compound-meter.ts
FNF:0
FNH:0
DA:14,2
LF:1
LH:1
BRF:0
BRH:0
end_of_record
TN:
SF:src/data/course-data/module-2/2.6-tempo-bpm.ts
FNF:0
FNH:0
DA:14,2
LF:1
LH:1
BRF:0
BRH:0
end_of_record
TN:
SF:src/data/course-data/module-2/index.ts
FNF:0
FNH:0
DA:12,2
LF:1
LH:1
BRF:0
BRH:0
end_of_record
TN:
SF:src/data/course-data/module-3/3.1-major-scale.ts
FNF:0
FNH:0
DA:14,2
LF:1
LH:1
BRF:0
BRH:0
end_of_record
TN:
SF:src/data/course-data/module-3/3.2-key-signatures.ts
FNF:0
FNH:0
DA:14,2
LF:1
LH:1
BRF:0
BRH:0
end_of_record
TN:
SF:src/data/course-data/module-3/3.3-intervals-quantity.ts
FNF:0
FNH:0
DA:14,2
LF:1
LH:1
BRF:0
BRH:0
end_of_record
TN:
SF:src/data/course-data/module-3/3.4-intervals-quality.ts
FNF:0
FNH:0
DA:14,2
LF:1
LH:1
BRF:0
BRH:0
end_of_record
TN:
SF:src/data/course-data/module-3/3.5-minor-scales.ts
FNF:0
FNH:0
DA:14,2
LF:1
LH:1
BRF:0
BRH:0
end_of_record
TN:
SF:src/data/course-data/module-3/3.6-pentatonic.ts
FNF:0
FNH:0
DA:14,2
LF:1
LH:1
BRF:0
BRH:0
end_of_record
TN:
SF:src/data/course-data/module-3/index.ts
FNF:0
FNH:0
DA:12,2
LF:1
LH:1
BRF:0
BRH:0
end_of_record
TN:
SF:src/data/course-data/module-4/4.1-triads.ts
FNF:0
FNH:0
DA:14,2
LF:1
LH:1
BRF:0
BRH:0
end_of_record
TN:
SF:src/data/course-data/module-4/4.2-chord-qualities.ts
FNF:0
FNH:0
DA:14,2
LF:1
LH:1
BRF:0
BRH:0
end_of_record
TN:
SF:src/data/course-data/module-4/4.3-diatonic-chords.ts
FNF:0
FNH:0
DA:6,2
LF:1
LH:1
BRF:0
BRH:0
end_of_record
TN:
SF:src/data/course-data/module-4/4.4-roman-numerals.ts
FNF:0
FNH:0
DA:6,2
LF:1
LH:1
BRF:0
BRH:0
end_of_record
TN:
SF:src/data/course-data/module-4/4.5-circle-of-fifths.ts
FNF:0
FNH:0
DA:6,2
LF:1
LH:1
BRF:0
BRH:0
end_of_record
TN:
SF:src/data/course-data/module-4/4.6-inversions.ts
FNF:0
FNH:0
DA:6,2
LF:1
LH:1
BRF:0
BRH:0
end_of_record
TN:
SF:src/data/course-data/module-4/4.7-seventh-chords.ts
FNF:0
FNH:0
DA:6,2
LF:1
LH:1
BRF:0
BRH:0
end_of_record
TN:
SF:src/data/course-data/module-4/index.ts
FNF:0
FNH:0
DA:13,2
LF:1
LH:1
BRF:0
BRH:0
end_of_record
TN:
SF:src/data/course-data/module-5/5.1-chord-progressions.ts
FNF:0
FNH:0
DA:6,2
LF:1
LH:1
BRF:0
BRH:0
end_of_record
TN:
SF:src/data/course-data/module-5/5.2-cadences.ts
FNF:0
FNH:0
DA:6,2
LF:1
LH:1
BRF:0
BRH:0
end_of_record
TN:
SF:src/data/course-data/module-5/5.3-melodic-contour.ts
FNF:0
FNH:0
DA:6,2
LF:1
LH:1
BRF:0
BRH:0
end_of_record
TN:
SF:src/data/course-data/module-5/5.4-song-structure.ts
FNF:0
FNH:0
DA:6,2
LF:1
LH:1
BRF:0
BRH:0
end_of_record
TN:
SF:src/data/course-data/module-5/5.5-dynamics.ts
FNF:0
FNH:0
DA:6,2
LF:1
LH:1
BRF:0
BRH:0
end_of_record
TN:
SF:src/data/course-data/module-5/5.6-modulation.ts
FNF:0
FNH:0
DA:6,2
LF:1
LH:1
BRF:0
BRH:0
end_of_record
TN:
SF:src/data/course-data/module-5/index.ts
FNF:0
FNH:0
DA:12,2
LF:1
LH:1
BRF:0
BRH:0
end_of_record
TN:
SF:src/features/audio/constants.ts
FNF:0
FNH:0
DA:1,1
LF:1
LH:1
BRF:0
BRH:0
end_of_record
TN:
SF:src/features/audio/components/AudioUnlocker.tsx
FN:5,(anonymous_0)
FN:6,(anonymous_1)
FN:7,(anonymous_2)
FN:18,(anonymous_3)
FNF:4
FNH:4
FNDA:3,(anonymous_0)
FNDA:3,(anonymous_1)
FNDA:3,(anonymous_2)
FNDA:1,(anonymous_3)
DA:5,1
DA:6,3
DA:7,3
DA:9,3
DA:11,2
DA:18,1
LF:6
LH:6
BRDA:9,0,0,1
BRDA:9,0,1,2
BRF:2
BRH:2
end_of_record
TN:
SF:src/features/game/constants.ts
FNF:0
FNH:0
DA:1,6
DA:2,6
LF:2
LH:2
BRF:0
BRH:0
end_of_record
TN:
SF:src/features/game/components/GameOverlay.tsx
FN:5,(anonymous_0)
FN:6,(anonymous_1)
FN:7,(anonymous_2)
FN:8,(anonymous_3)
FN:9,(anonymous_4)
FNF:5
FNH:0
FNDA:0,(anonymous_0)
FNDA:0,(anonymous_1)
FNDA:0,(anonymous_2)
FNDA:0,(anonymous_3)
FNDA:0,(anonymous_4)
DA:5,3
DA:6,0
DA:7,0
DA:8,0
DA:9,0
DA:11,0
LF:6
LH:1
BRDA:14,0,0,0
BRDA:14,0,1,0
BRF:2
BRH:0
end_of_record
TN:
SF:src/features/game/logic/note-generator.ts
FN:10,(anonymous_0)
FNF:1
FNH:1
FNDA:18,(anonymous_0)
DA:1,6
DA:2,6
DA:10,6
DA:16,18
DA:18,18
DA:19,18
DA:20,18
DA:24,18
DA:25,18
DA:28,18
LF:10
LH:10
BRDA:12,0,0,18
BRDA:26,1,0,18
BRDA:26,1,1,0
BRF:3
BRH:2
end_of_record
TN:
SF:src/features/game/logic/scoring.ts
FN:9,(anonymous_0)
FN:19,(anonymous_1)
FNF:2
FNH:2
FNDA:2,(anonymous_0)
FNDA:2,(anonymous_1)
DA:9,1
DA:10,2
DA:19,1
DA:20,2
LF:4
LH:4
BRDA:10,0,0,1
BRDA:10,0,1,1
BRDA:20,1,0,1
BRDA:20,1,1,1
BRF:4
BRH:4
end_of_record
TN:
SF:src/features/sao-truc/components/FingeringChart.tsx
FN:10,(anonymous_0)
FN:11,(anonymous_1)
FN:125,(anonymous_2)
FNF:3
FNH:3
FNDA:5,(anonymous_0)
FNDA:29,(anonymous_1)
FNDA:29,(anonymous_2)
DA:10,1
DA:11,5
DA:13,29
DA:14,29
DA:15,29
DA:18,29
DA:21,29
DA:23,25
DA:32,4
DA:34,3
DA:45,1
DA:57,29
DA:75,5
DA:77,5
DA:126,29
LF:15
LH:15
BRDA:21,0,0,25
BRDA:21,0,1,4
BRDA:32,1,0,3
BRDA:32,1,1,1
BRF:4
BRH:4
end_of_record
TN:
SF:src/features/sao-truc/components/SaoTrucVisualizer.tsx
FN:9,(anonymous_0)
FN:10,(anonymous_1)
FN:11,(anonymous_2)
FN:16,(anonymous_3)
FN:44,(anonymous_4)
FN:57,(anonymous_5)
FN:67,(anonymous_6)
FNF:7
FNH:6
FNDA:12,(anonymous_0)
FNDA:12,(anonymous_1)
FNDA:36,(anonymous_2)
FNDA:6,(anonymous_3)
FNDA:12,(anonymous_4)
FNDA:0,(anonymous_5)
FNDA:1,(anonymous_6)
DA:9,1
DA:10,12
DA:11,36
DA:12,12
DA:13,12
DA:14,12
DA:16,12
DA:19,6
DA:25,6
DA:27,2
DA:29,2
DA:30,2
DA:31,1
DA:34,1
DA:38,4
DA:39,4
DA:40,4
DA:44,12
DA:45,12
DA:46,2
DA:47,2
DA:48,1
DA:51,12
DA:57,0
DA:67,1
LF:25
LH:24
BRDA:19,0,0,2
BRDA:19,0,1,4
BRDA:21,1,0,0
BRDA:21,1,1,4
BRDA:25,2,0,2
BRDA:25,2,1,4
BRDA:27,3,0,2
BRDA:27,3,1,0
BRDA:30,4,0,1
BRDA:30,4,1,1
BRDA:38,5,0,3
BRDA:38,5,1,1
BRDA:45,6,0,10
BRDA:45,6,1,2
BRDA:47,7,0,1
BRDA:47,7,1,1
BRDA:59,8,0,10
BRDA:59,8,1,2
BRDA:69,9,0,2
BRDA:69,9,1,10
BRF:20
BRH:18
end_of_record
TN:
SF:src/features/sao-truc/logic/fingering-engine.ts
FN:7,(anonymous_0)
FN:41,(anonymous_1)
FNF:2
FNH:2
FNDA:7,(anonymous_0)
FNDA:8,(anonymous_1)
DA:5,2
DA:7,2
DA:8,7
DA:13,7
DA:16,7
DA:25,7
DA:28,1
DA:29,1
DA:30,1
DA:31,1
DA:32,1
DA:33,1
DA:38,6
DA:41,2
DA:42,8
DA:43,8
DA:45,7
DA:48,7
DA:51,7
DA:53,2
DA:57,7
DA:58,2
DA:61,7
LF:23
LH:23
BRDA:8,0,0,0
BRDA:8,0,1,7
BRDA:25,1,0,1
BRDA:25,1,1,6
BRDA:29,2,0,1
BRDA:29,2,1,0
BRDA:32,3,0,1
BRDA:32,3,1,0
BRDA:43,4,0,1
BRDA:43,4,1,7
BRDA:51,5,0,2
BRDA:51,5,1,5
BRDA:57,6,0,2
BRDA:57,6,1,5
BRDA:61,7,0,7
BRDA:61,7,1,2
BRF:16
BRH:13
end_of_record
TN:
SF:src/features/sao-truc/logic/fingerings.json
FNF:0
FNH:0
LF:0
LH:0
BRF:0
BRH:0
end_of_record
TN:
SF:src/pages/HomePage.tsx
FN:11,(anonymous_0)
FN:13,(anonymous_1)
FN:15,(anonymous_2)
FN:17,(anonymous_3)
FN:20,(anonymous_4)
FN:21,(anonymous_5)
FN:22,(anonymous_6)
FN:27,(anonymous_7)
FN:28,(anonymous_8)
FN:42,(anonymous_9)
FN:59,(anonymous_10)
FN:72,(anonymous_11)
FNF:12
FNH:0
FNDA:0,(anonymous_0)
FNDA:0,(anonymous_1)
FNDA:0,(anonymous_2)
FNDA:0,(anonymous_3)
FNDA:0,(anonymous_4)
FNDA:0,(anonymous_5)
FNDA:0,(anonymous_6)
FNDA:0,(anonymous_7)
FNDA:0,(anonymous_8)
FNDA:0,(anonymous_9)
FNDA:0,(anonymous_10)
FNDA:0,(anonymous_11)
DA:11,2
DA:12,2
DA:13,0
DA:15,2
DA:16,2
DA:17,0
DA:20,2
DA:21,0
DA:22,0
DA:24,0
DA:25,0
DA:27,0
DA:28,0
DA:29,0
DA:30,0
DA:31,0
DA:32,0
DA:33,0
DA:39,0
DA:42,0
DA:43,0
DA:44,0
DA:48,0
DA:59,0
DA:72,0
LF:25
LH:5
BRDA:30,0,0,0
BRDA:30,0,1,0
BRDA:32,1,0,0
BRDA:32,1,1,0
BRDA:43,2,0,0
BRDA:43,2,1,0
BRDA:43,3,0,0
BRDA:43,3,1,0
BRDA:43,3,2,0
BRF:9
BRH:0
end_of_record
TN:
SF:src/services/LookaheadScheduler.ts
FN:20,(anonymous_0)
FN:25,(anonymous_1)
FN:38,(anonymous_2)
FN:54,(anonymous_3)
FN:69,(anonymous_4)
FN:81,(anonymous_5)
FN:85,(anonymous_6)
FN:86,(anonymous_7)
FN:113,(anonymous_8)
FN:120,(anonymous_9)
FNF:10
FNH:7
FNDA:1,(anonymous_0)
FNDA:1,(anonymous_1)
FNDA:1,(anonymous_2)
FNDA:2,(anonymous_3)
FNDA:4,(anonymous_4)
FNDA:2,(anonymous_5)
FNDA:2,(anonymous_6)
FNDA:0,(anonymous_7)
FNDA:0,(anonymous_8)
FNDA:0,(anonymous_9)
DA:13,1
DA:14,1
DA:15,1
DA:18,1
DA:22,1
DA:26,1
DA:27,1
DA:29,1
DA:39,1
DA:40,1
DA:41,1
DA:42,1
DA:45,1
DA:46,1
DA:47,1
DA:55,2
DA:57,2
DA:59,2
DA:60,2
DA:62,2
DA:63,2
DA:70,4
DA:72,2
DA:73,2
DA:75,2
DA:76,2
DA:77,2
DA:82,2
DA:86,2
DA:87,0
DA:96,0
DA:97,0
DA:99,0
DA:100,0
DA:103,0
DA:106,2
DA:114,0
DA:121,0
DA:125,1
LF:39
LH:31
BRDA:26,0,0,1
BRDA:26,0,1,0
BRDA:38,1,0,1
BRDA:38,2,0,1
BRDA:38,3,0,1
BRDA:55,4,0,0
BRDA:55,4,1,2
BRDA:70,5,0,2
BRDA:70,5,1,2
BRDA:75,6,0,2
BRDA:75,6,1,0
BRDA:87,7,0,0
BRDA:87,7,1,0
BRDA:99,8,0,0
BRDA:99,8,1,0
BRF:15
BRH:8
end_of_record
TN:
SF:src/services/ScoringEngine.ts
FN:23,(anonymous_0)
FNF:1
FNH:1
FNDA:5,(anonymous_0)
DA:10,5
DA:11,5
DA:14,5
DA:15,5
DA:16,5
DA:24,0
DA:25,0
DA:27,0
DA:28,0
DA:34,0
DA:35,0
DA:42,0
LF:12
LH:5
BRDA:27,0,0,0
BRDA:27,0,1,0
BRDA:34,1,0,0
BRDA:34,1,1,0
BRDA:36,2,0,0
BRDA:36,2,1,0
BRDA:39,3,0,0
BRDA:39,3,1,0
BRF:8
BRH:0
end_of_record
TN:
SF:src/services/audio-engine.ts
FN:7,sanitizeNote
FN:84,(anonymous_1)
FN:86,(anonymous_2)
FN:93,(anonymous_3)
FN:126,(anonymous_4)
FN:134,(anonymous_5)
FN:142,(anonymous_6)
FN:149,(anonymous_7)
FN:157,(anonymous_8)
FN:163,(anonymous_9)
FNF:10
FNH:8
FNDA:3,sanitizeNote
FNDA:2,(anonymous_1)
FNDA:4,(anonymous_2)
FNDA:4,(anonymous_3)
FNDA:1,(anonymous_4)
FNDA:1,(anonymous_5)
FNDA:1,(anonymous_6)
FNDA:0,(anonymous_7)
FNDA:0,(anonymous_8)
FNDA:1,(anonymous_9)
DA:8,3
DA:11,3
DA:12,3
DA:16,0
DA:17,0
DA:19,0
DA:20,0
DA:21,0
DA:22,0
DA:23,0
DA:24,0
DA:25,0
DA:26,0
DA:27,0
DA:28,0
DA:29,0
DA:30,0
DA:31,0
DA:32,0
DA:36,0
DA:54,0
DA:55,0
DA:57,0
DA:59,0
DA:60,0
DA:64,0
DA:65,0
DA:67,0
DA:70,0
DA:71,3
DA:72,3
DA:74,3
DA:79,4
DA:80,4
DA:81,4
DA:82,4
DA:87,2
DA:88,2
DA:90,2
DA:94,4
DA:96,1
DA:97,1
DA:98,1
DA:101,1
DA:113,1
DA:119,1
DA:120,1
DA:122,0
DA:127,1
DA:128,0
DA:129,0
DA:131,1
DA:135,1
DA:136,0
DA:137,0
DA:139,1
DA:143,1
DA:144,0
DA:146,1
DA:150,0
DA:151,0
DA:152,0
DA:153,0
DA:154,0
DA:158,0
DA:159,0
DA:160,0
DA:164,1
DA:165,1
DA:169,2
LF:70
LH:30
BRDA:8,0,0,0
BRDA:8,0,1,3
BRDA:8,1,0,3
BRDA:8,1,1,3
BRDA:11,2,0,3
BRDA:11,2,1,0
BRDA:19,3,0,0
BRDA:19,3,1,0
BRDA:22,4,0,0
BRDA:22,4,1,0
BRDA:25,5,0,0
BRDA:25,5,1,0
BRDA:28,6,0,0
BRDA:28,6,1,0
BRDA:31,7,0,0
BRDA:31,7,1,0
BRDA:57,8,0,0
BRDA:57,8,1,0
BRDA:65,9,0,0
BRDA:65,9,1,0
BRDA:70,10,0,0
BRDA:70,10,1,0
BRDA:71,11,0,3
BRDA:71,11,1,0
BRDA:87,12,0,2
BRDA:87,12,1,0
BRDA:94,13,0,3
BRDA:94,13,1,1
BRDA:126,14,0,1
BRDA:127,15,0,0
BRDA:127,15,1,1
BRDA:127,16,0,1
BRDA:127,16,1,1
BRDA:135,17,0,0
BRDA:135,17,1,1
BRDA:135,18,0,1
BRDA:135,18,1,1
BRDA:143,19,0,0
BRDA:143,19,1,1
BRDA:143,20,0,1
BRDA:143,20,1,1
BRDA:150,21,0,0
BRDA:150,21,1,0
BRDA:150,22,0,0
BRDA:150,22,1,0
BRDA:150,22,2,0
BRDA:158,23,0,0
BRDA:158,23,1,0
BRDA:158,24,0,0
BRDA:158,24,1,0
BRDA:158,24,2,0
BRDA:164,25,0,0
BRDA:164,25,1,1
BRF:53
BRH:19
end_of_record
TN:
SF:src/services/storage-manager.ts
FN:15,requestPersistentStorage
FN:37,getStorageEstimate
FNF:2
FNH:2
FNDA:4,requestPersistentStorage
FNDA:3,getStorageEstimate
DA:17,4
DA:18,2
DA:21,2
DA:22,2
DA:23,1
DA:24,1
DA:26,1
DA:28,1
DA:29,1
DA:38,3
DA:39,1
DA:42,2
DA:43,2
DA:44,1
DA:49,1
DA:50,1
LF:16
LH:16
BRDA:17,0,0,2
BRDA:17,0,1,2
BRDA:17,1,0,4
BRDA:17,1,1,3
BRDA:17,1,2,2
BRDA:23,2,0,1
BRDA:23,2,1,0
BRDA:38,3,0,1
BRDA:38,3,1,2
BRDA:38,4,0,3
BRDA:38,4,1,2
BRDA:45,5,0,1
BRDA:45,5,1,0
BRDA:46,6,0,3
BRDA:46,6,1,0
BRF:15
BRH:12
end_of_record
TN:
SF:src/stores/useAudioStore.ts
FN:32,(anonymous_0)
FN:39,(anonymous_1)
FN:48,(anonymous_2)
FN:57,(anonymous_3)
FN:64,(anonymous_4)
FN:66,(anonymous_5)
FN:67,(anonymous_6)
FN:77,(anonymous_7)
FN:89,(anonymous_8)
FN:97,(anonymous_9)
FN:98,(anonymous_10)
FN:99,(anonymous_11)
FN:110,(anonymous_12)
FN:119,(anonymous_13)
FN:128,(anonymous_14)
FN:130,(anonymous_15)
FN:131,(anonymous_16)
FN:145,(anonymous_17)
FN:151,(anonymous_18)
FN:158,(anonymous_19)
FN:165,(anonymous_20)
FN:166,(anonymous_21)
FN:167,(anonymous_22)
FN:172,(anonymous_23)
FN:180,(anonymous_24)
FN:182,(anonymous_25)
FN:184,(anonymous_26)
FN:188,(anonymous_27)
FN:192,(anonymous_28)
FN:197,(anonymous_29)
FN:198,(anonymous_30)
FN:200,(anonymous_31)
FNF:32
FNH:9
FNDA:3,(anonymous_0)
FNDA:1,(anonymous_1)
FNDA:4,(anonymous_2)
FNDA:4,(anonymous_3)
FNDA:1,(anonymous_4)
FNDA:1,(anonymous_5)
FNDA:1,(anonymous_6)
FNDA:0,(anonymous_7)
FNDA:0,(anonymous_8)
FNDA:0,(anonymous_9)
FNDA:0,(anonymous_10)
FNDA:0,(anonymous_11)
FNDA:0,(anonymous_12)
FNDA:0,(anonymous_13)
FNDA:0,(anonymous_14)
FNDA:0,(anonymous_15)
FNDA:0,(anonymous_16)
FNDA:0,(anonymous_17)
FNDA:0,(anonymous_18)
FNDA:0,(anonymous_19)
FNDA:0,(anonymous_20)
FNDA:0,(anonymous_21)
FNDA:0,(anonymous_22)
FNDA:0,(anonymous_23)
FNDA:1,(anonymous_24)
FNDA:1,(anonymous_25)
FNDA:0,(anonymous_26)
FNDA:0,(anonymous_27)
FNDA:0,(anonymous_28)
FNDA:0,(anonymous_29)
FNDA:0,(anonymous_30)
FNDA:0,(anonymous_31)
DA:5,3
DA:32,3
DA:40,1
DA:41,1
DA:42,1
DA:44,0
DA:50,4
DA:51,4
DA:52,3
DA:53,3
DA:56,4
DA:57,4
DA:65,1
DA:66,1
DA:67,1
DA:68,1
DA:79,0
DA:80,0
DA:81,0
DA:82,0
DA:86,0
DA:89,0
DA:97,0
DA:98,0
DA:99,0
DA:100,0
DA:112,0
DA:113,0
DA:114,0
DA:115,0
DA:118,0
DA:119,0
DA:129,0
DA:130,0
DA:131,0
DA:132,0
DA:147,0
DA:148,0
DA:151,0
DA:158,0
DA:159,0
DA:160,0
DA:166,0
DA:167,0
DA:173,0
DA:174,0
DA:175,0
DA:177,0
DA:180,1
DA:182,1
DA:185,0
DA:189,0
DA:193,0
DA:194,0
DA:195,0
DA:197,0
DA:198,0
DA:199,0
DA:200,0
DA:201,0
LF:60
LH:17
BRDA:51,0,0,3
BRDA:51,0,1,1
BRDA:77,1,0,0
BRDA:80,2,0,0
BRDA:80,2,1,0
BRDA:90,3,0,0
BRDA:90,3,1,0
BRDA:113,4,0,0
BRDA:113,4,1,0
BRDA:120,5,0,0
BRDA:120,5,1,0
BRDA:147,6,0,0
BRDA:147,6,1,0
BRDA:152,7,0,0
BRDA:152,7,1,0
BRDA:173,8,0,0
BRDA:173,8,1,0
BRDA:195,9,0,0
BRDA:195,9,1,0
BRF:19
BRH:2
end_of_record
TN:
SF:src/stores/useGameStore.ts
FN:27,(anonymous_0)
FN:37,(anonymous_1)
FN:48,(anonymous_2)
FN:57,(anonymous_3)
FN:61,(anonymous_4)
FN:126,(anonymous_5)
FN:127,(anonymous_6)
FNF:7
FNH:6
FNDA:4,(anonymous_0)
FNDA:5,(anonymous_1)
FNDA:1,(anonymous_2)
FNDA:0,(anonymous_3)
FNDA:2,(anonymous_4)
FNDA:4,(anonymous_5)
FNDA:20,(anonymous_6)
DA:24,4
DA:27,4
DA:38,5
DA:49,1
DA:58,0
DA:62,2
DA:64,2
DA:66,2
DA:68,2
DA:69,2
DA:70,2
DA:72,2
DA:73,1
DA:75,0
DA:76,0
DA:78,0
DA:81,1
DA:82,1
DA:83,1
DA:91,1
DA:92,1
DA:93,1
DA:94,1
DA:95,1
DA:97,1
DA:107,1
DA:110,1
DA:119,1
DA:126,4
DA:127,20
LF:30
LH:26
BRDA:64,0,0,0
BRDA:64,0,1,2
BRDA:72,1,0,1
BRDA:72,1,1,1
BRDA:73,2,0,0
BRDA:73,2,1,1
BRDA:73,3,0,1
BRDA:73,3,1,0
BRDA:92,4,0,1
BRDA:92,4,1,0
BRF:10
BRH:6
end_of_record
TN:
SF:src/stores/useModuleStore.ts
FN:42,(anonymous_0)
FN:48,(anonymous_1)
FN:50,(anonymous_2)
FN:52,(anonymous_3)
FN:53,(anonymous_4)
FN:54,(anonymous_5)
FN:59,(anonymous_6)
FN:59,(anonymous_7)
FN:61,(anonymous_8)
FN:62,(anonymous_9)
FN:63,(anonymous_10)
FNF:11
FNH:1
FNDA:2,(anonymous_0)
FNDA:0,(anonymous_1)
FNDA:0,(anonymous_2)
FNDA:0,(anonymous_3)
FNDA:0,(anonymous_4)
FNDA:0,(anonymous_5)
FNDA:0,(anonymous_6)
FNDA:0,(anonymous_7)
FNDA:0,(anonymous_8)
FNDA:0,(anonymous_9)
FNDA:0,(anonymous_10)
DA:18,2
DA:40,2
DA:42,2
DA:48,0
DA:50,0
DA:53,0
DA:55,0
DA:59,0
DA:62,0
DA:63,0
LF:10
LH:3
BRDA:55,0,0,0
BRDA:55,0,1,0
BRDA:63,1,0,0
BRDA:63,1,1,0
BRF:4
BRH:0
end_of_record
TN:
SF:src/stores/useNotationStore.ts
FN:71,noteToABC
FN:109,buildNotation
FN:124,(anonymous_2)
FN:132,(anonymous_3)
FN:138,(anonymous_4)
FN:140,(anonymous_5)
FN:154,(anonymous_6)
FN:155,(anonymous_7)
FN:157,(anonymous_8)
FN:171,(anonymous_9)
FN:173,(anonymous_10)
FN:187,(anonymous_11)
FN:188,(anonymous_12)
FN:194,(anonymous_13)
FN:195,(anonymous_14)
FN:206,(anonymous_15)
FN:207,(anonymous_16)
FN:211,(anonymous_17)
FN:212,(anonymous_18)
FN:216,(anonymous_19)
FN:217,(anonymous_20)
FN:221,(anonymous_21)
FN:222,(anonymous_22)
FN:226,(anonymous_23)
FN:227,(anonymous_24)
FN:232,(anonymous_25)
FN:233,(anonymous_26)
FN:244,(anonymous_27)
FN:245,(anonymous_28)
FN:253,(anonymous_29)
FN:254,(anonymous_30)
FN:265,(anonymous_31)
FN:266,(anonymous_32)
FN:278,(anonymous_33)
FNF:34
FNH:1
FNDA:0,noteToABC
FNDA:0,buildNotation
FNDA:1,(anonymous_2)
FNDA:0,(anonymous_3)
FNDA:0,(anonymous_4)
FNDA:0,(anonymous_5)
FNDA:0,(anonymous_6)
FNDA:0,(anonymous_7)
FNDA:0,(anonymous_8)
FNDA:0,(anonymous_9)
FNDA:0,(anonymous_10)
FNDA:0,(anonymous_11)
FNDA:0,(anonymous_12)
FNDA:0,(anonymous_13)
FNDA:0,(anonymous_14)
FNDA:0,(anonymous_15)
FNDA:0,(anonymous_16)
FNDA:0,(anonymous_17)
FNDA:0,(anonymous_18)
FNDA:0,(anonymous_19)
FNDA:0,(anonymous_20)
FNDA:0,(anonymous_21)
FNDA:0,(anonymous_22)
FNDA:0,(anonymous_23)
FNDA:0,(anonymous_24)
FNDA:0,(anonymous_25)
FNDA:0,(anonymous_26)
FNDA:0,(anonymous_27)
FNDA:0,(anonymous_28)
FNDA:0,(anonymous_29)
FNDA:0,(anonymous_30)
FNDA:0,(anonymous_31)
FNDA:0,(anonymous_32)
FNDA:0,(anonymous_33)
DA:57,1
DA:65,1
DA:72,0
DA:73,0
DA:75,0
DA:76,0
DA:77,0
DA:80,0
DA:82,0
DA:83,0
DA:85,0
DA:86,0
DA:89,0
DA:91,0
DA:92,0
DA:97,0
DA:98,0
DA:99,0
DA:100,0
DA:103,0
DA:110,0
DA:119,0
DA:122,1
DA:124,1
DA:133,0
DA:134,0
DA:139,0
DA:140,0
DA:141,0
DA:142,0
DA:155,0
DA:156,0
DA:157,0
DA:158,0
DA:159,0
DA:172,0
DA:173,0
DA:174,0
DA:175,0
DA:188,0
DA:195,0
DA:198,0
DA:199,0
DA:207,0
DA:212,0
DA:217,0
DA:222,0
DA:227,0
DA:233,0
DA:245,0
DA:254,0
DA:255,0
DA:256,0
DA:257,0
DA:266,0
DA:267,0
DA:268,0
DA:269,0
DA:278,0
LF:59
LH:4
BRDA:73,0,0,0
BRDA:73,0,1,0
BRDA:82,1,0,0
BRDA:82,1,1,0
BRDA:97,2,0,0
BRDA:97,2,1,0
BRDA:99,3,0,0
BRDA:99,3,1,0
BRDA:117,4,0,0
BRDA:117,4,1,0
BRDA:139,5,0,0
BRDA:139,5,1,0
BRDA:172,6,0,0
BRDA:172,6,1,0
BRDA:255,7,0,0
BRDA:255,7,1,0
BRDA:258,8,0,0
BRDA:258,8,1,0
BRDA:267,9,0,0
BRDA:267,9,1,0
BRDA:270,10,0,0
BRDA:270,10,1,0
BRF:22
BRH:0
end_of_record
TN:
SF:src/stores/useProgressStore.ts
FN:13,(anonymous_0)
FN:14,(anonymous_1)
FN:17,(anonymous_2)
FN:18,(anonymous_3)
FN:20,(anonymous_4)
FN:30,(anonymous_5)
FN:33,(anonymous_6)
FN:38,(anonymous_7)
FN:39,(anonymous_8)
FN:47,(anonymous_9)
FN:50,(anonymous_10)
FN:55,(anonymous_11)
FN:56,(anonymous_12)
FN:64,(anonymous_13)
FN:67,(anonymous_14)
FN:72,(anonymous_15)
FN:73,(anonymous_16)
FN:155,(anonymous_17)
FN:158,(anonymous_18)
FN:159,(anonymous_19)
FN:170,(anonymous_20)
FN:176,(anonymous_21)
FN:177,(anonymous_22)
FN:181,(anonymous_23)
FN:182,(anonymous_24)
FN:211,(anonymous_25)
FN:212,(anonymous_26)
FN:217,(anonymous_27)
FN:218,(anonymous_28)
FN:231,(anonymous_29)
FN:235,(anonymous_30)
FN:241,(anonymous_31)
FN:248,(anonymous_32)
FN:249,(anonymous_33)
FN:268,(anonymous_34)
FN:272,(anonymous_35)
FN:273,(anonymous_36)
FN:293,getModuleSubmoduleIds
FN:303,(anonymous_38)
FNF:39
FNH:5
FNDA:2,(anonymous_0)
FNDA:2,(anonymous_1)
FNDA:0,(anonymous_2)
FNDA:0,(anonymous_3)
FNDA:0,(anonymous_4)
FNDA:2,(anonymous_5)
FNDA:0,(anonymous_6)
FNDA:0,(anonymous_7)
FNDA:0,(anonymous_8)
FNDA:0,(anonymous_9)
FNDA:0,(anonymous_10)
FNDA:0,(anonymous_11)
FNDA:0,(anonymous_12)
FNDA:0,(anonymous_13)
FNDA:0,(anonymous_14)
FNDA:0,(anonymous_15)
FNDA:0,(anonymous_16)
FNDA:2,(anonymous_17)
FNDA:0,(anonymous_18)
FNDA:0,(anonymous_19)
FNDA:0,(anonymous_20)
FNDA:0,(anonymous_21)
FNDA:0,(anonymous_22)
FNDA:0,(anonymous_23)
FNDA:0,(anonymous_24)
FNDA:0,(anonymous_25)
FNDA:0,(anonymous_26)
FNDA:0,(anonymous_27)
FNDA:0,(anonymous_28)
FNDA:0,(anonymous_29)
FNDA:0,(anonymous_30)
FNDA:0,(anonymous_31)
FNDA:0,(anonymous_32)
FNDA:0,(anonymous_33)
FNDA:0,(anonymous_34)
FNDA:2,(anonymous_35)
FNDA:0,(anonymous_36)
FNDA:0,getModuleSubmoduleIds
FNDA:0,(anonymous_38)
DA:9,2
DA:10,2
DA:11,2
DA:13,2
DA:14,2
DA:15,2
DA:17,2
DA:18,2
DA:20,2
DA:21,0
DA:22,0
DA:23,0
DA:29,2
DA:31,2
DA:32,2
DA:33,0
DA:34,0
DA:35,0
DA:36,0
DA:38,0
DA:39,0
DA:43,2
DA:48,0
DA:49,0
DA:50,0
DA:51,0
DA:52,0
DA:53,0
DA:55,0
DA:56,0
DA:60,0
DA:65,0
DA:66,0
DA:67,0
DA:68,0
DA:69,0
DA:70,0
DA:72,0
DA:73,0
DA:76,0
DA:135,2
DA:149,2
DA:150,2
DA:151,2
DA:153,2
DA:155,2
DA:159,0
DA:160,0
DA:161,0
DA:164,0
DA:171,0
DA:177,0
DA:182,0
DA:183,0
DA:184,0
DA:186,0
DA:188,0
DA:191,0
DA:192,0
DA:193,0
DA:195,0
DA:197,0
DA:205,0
DA:212,0
DA:218,0
DA:219,0
DA:220,0
DA:222,0
DA:232,0
DA:236,0
DA:238,0
DA:239,0
DA:241,0
DA:242,0
DA:245,0
DA:249,0
DA:250,0
DA:251,0
DA:252,0
DA:253,0
DA:255,0
DA:268,0
DA:272,2
DA:273,0
DA:294,0
DA:302,0
DA:303,0
LF:87
LH:20
BRDA:22,0,0,0
BRDA:22,0,1,0
BRDA:39,1,0,0
BRDA:39,1,1,0
BRDA:160,2,0,0
BRDA:160,2,1,0
BRDA:186,3,0,0
BRDA:186,3,1,0
BRDA:195,4,0,0
BRDA:195,4,1,0
BRDA:219,5,0,0
BRDA:219,5,1,0
BRDA:220,6,0,0
BRDA:220,6,1,0
BRDA:227,7,0,0
BRDA:227,7,1,0
BRDA:239,8,0,0
BRDA:239,8,1,0
BRDA:252,9,0,0
BRDA:252,9,1,0
BRDA:252,10,0,0
BRDA:252,10,1,0
BRDA:252,11,0,0
BRDA:252,11,1,0
BRDA:253,12,0,0
BRDA:253,12,1,0
BRDA:259,13,0,0
BRDA:259,13,1,0
BRDA:260,14,0,0
BRDA:260,14,1,0
BRDA:261,15,0,0
BRDA:261,15,1,0
BRDA:261,15,2,0
BRDA:264,16,0,0
BRDA:264,16,1,0
BRDA:302,17,0,0
BRDA:302,17,1,0
BRF:37
BRH:0
end_of_record
TN:
SF:src/stores/useSettingsStore.ts
FN:26,(anonymous_0)
FN:32,(anonymous_1)
FN:33,(anonymous_2)
FN:34,(anonymous_3)
FN:37,(anonymous_4)
FN:38,(anonymous_5)
FN:39,(anonymous_6)
FN:42,(anonymous_7)
FN:43,(anonymous_8)
FN:44,(anonymous_9)
FN:47,(anonymous_10)
FN:48,(anonymous_11)
FN:49,(anonymous_12)
FN:52,(anonymous_13)
FN:53,(anonymous_14)
FN:54,(anonymous_15)
FNF:16
FNH:4
FNDA:8,(anonymous_0)
FNDA:3,(anonymous_1)
FNDA:4,(anonymous_2)
FNDA:4,(anonymous_3)
FNDA:0,(anonymous_4)
FNDA:0,(anonymous_5)
FNDA:0,(anonymous_6)
FNDA:0,(anonymous_7)
FNDA:0,(anonymous_8)
FNDA:0,(anonymous_9)
FNDA:0,(anonymous_10)
FNDA:0,(anonymous_11)
FNDA:0,(anonymous_12)
FNDA:0,(anonymous_13)
FNDA:0,(anonymous_14)
FNDA:0,(anonymous_15)
DA:24,8
DA:26,8
DA:32,3
DA:34,4
DA:37,0
DA:39,0
DA:42,0
DA:44,0
DA:47,0
DA:49,0
DA:52,0
DA:54,0
LF:12
LH:4
BRDA:35,0,0,2
BRDA:35,0,1,2
BRDA:40,1,0,0
BRDA:40,1,1,0
BRF:4
BRH:2
end_of_record
TN:
SF:src/utils/guitar-logic.ts
FN:11,(anonymous_0)
FN:25,(anonymous_1)
FN:58,(anonymous_2)
FN:78,(anonymous_3)
FN:91,(anonymous_4)
FNF:5
FNH:5
FNDA:630,(anonymous_0)
FNDA:609,(anonymous_1)
FNDA:7,(anonymous_2)
FNDA:11,(anonymous_3)
FNDA:5,(anonymous_4)
DA:2,2
DA:6,2
DA:11,2
DA:12,630
DA:13,630
DA:14,625
DA:25,2
DA:26,609
DA:28,607
DA:29,607
DA:31,607
DA:33,607
DA:34,607
DA:36,607
DA:37,607
DA:38,607
DA:40,607
DA:58,2
DA:59,7
DA:60,7
DA:63,5
DA:65,5
DA:78,2
DA:79,11
DA:80,11
DA:83,9
DA:86,9
DA:88,7
DA:91,2
DA:94,5
DA:97,5
DA:98,5
DA:100,4
DA:102,24
DA:103,384
DA:104,384
DA:105,12
DA:110,4
LF:38
LH:38
BRDA:13,0,0,5
BRDA:13,0,1,625
BRDA:26,1,0,2
BRDA:26,1,1,607
BRDA:26,2,0,609
BRDA:26,2,1,608
BRDA:31,3,0,0
BRDA:31,3,1,607
BRDA:34,4,0,0
BRDA:34,4,1,607
BRDA:60,5,0,2
BRDA:60,5,1,5
BRDA:80,6,0,2
BRDA:80,6,1,9
BRDA:86,7,0,2
BRDA:86,7,1,7
BRDA:98,8,0,1
BRDA:98,8,1,4
BRDA:104,9,0,12
BRDA:104,9,1,372
BRF:20
BRH:18
end_of_record
TN:
SF:src/utils/music-math.ts
FN:1,(anonymous_0)
FNF:1
FNH:1
FNDA:20,(anonymous_0)
DA:1,3
DA:2,20
DA:4,18
DA:5,18
DA:6,4
DA:10,18
DA:11,18
DA:12,25
DA:15,18
LF:9
LH:9
BRDA:2,0,0,2
BRDA:2,0,1,18
BRDA:5,1,0,4
BRDA:5,1,1,14
BRF:4
BRH:4
end_of_record
TN:
SF:src/utils/note-labels.ts
FN:17,getNoteLabel
FNF:1
FNH:1
FNDA:111,getNoteLabel
DA:3,5
DA:18,111
DA:19,96
DA:27,15
DA:29,15
DA:30,1
DA:33,14
DA:34,14
DA:35,111
DA:37,111
DA:39,111
DA:40,14
DA:43,0
LF:13
LH:12
BRDA:18,0,0,96
BRDA:18,0,1,15
BRDA:18,1,0,111
BRDA:18,1,1,16
BRDA:29,2,0,1
BRDA:29,2,1,14
BRDA:34,3,0,14
BRDA:34,3,1,11
BRDA:35,4,0,111
BRDA:35,4,1,9
BRDA:39,5,0,14
BRDA:39,5,1,97
BRF:12
BRH:12
end_of_record
